# JRE version: Java(TM) SE Runtime Environment (8.0_201-b09) (build 1.8.0_201-b09)
# Java VM: Java HotSpot(TM) 64-Bit Server VM (25.201-b09 mixed mode linux-amd64 compressed oops)
Heap:
 PSYoungGen      total 176128K, used 172208K [0x000000076db00000, 0x0000000779680000, 0x00000007c0000000)
  eden space 161792K, 100% used [0x000000076db00000,0x0000000777900000,0x0000000777900000)
  from space 14336K, 72% used [0x0000000778780000,0x00000007791ac128,0x0000000779580000)
  to   space 14848K, 50% used [0x0000000777900000,0x000000077804a070,0x0000000778780000)
 ParOldGen       total 1043456K, used 877076K [0x00000006c9000000, 0x0000000708b00000, 0x000000076db00000)
  object space 1043456K, 84% used [0x00000006c9000000,0x00000006fe885388,0x0000000708b00000)
 Metaspace       used 52811K, capacity 55786K, committed 55936K, reserved 1097728K
  class space    used 7475K, capacity 8010K, committed 8064K, reserved 1048576K
GC Heap History (10 events):
Event: 1,732 GC heap after
Heap after GC invocations=6 (full 1):
 PSYoungGen      total 130560K, used 7535K [0x000000076db00000, 0x0000000776900000, 0x00000007c0000000)
  eden space 120320K, 0% used [0x000000076db00000,0x000000076db00000,0x0000000775080000)
  from space 10240K, 73% used [0x0000000775080000,0x00000007757dbec8,0x0000000775a80000)
  to   space 12288K, 0% used [0x0000000775d00000,0x0000000775d00000,0x0000000776900000)
 ParOldGen       total 111616K, used 10019K [0x00000006c9000000, 0x00000006cfd00000, 0x000000076db00000)
  object space 111616K, 8% used [0x00000006c9000000,0x00000006c99c8eb0,0x00000006cfd00000)
 Metaspace       used 25048K, capacity 26216K, committed 26368K, reserved 1071104K
  class space    used 3447K, capacity 3732K, committed 3840K, reserved 1048576K
}
Event: 2,101 GC heap before
{Heap before GC invocations=7 (full 1):
 PSYoungGen      total 130560K, used 127855K [0x000000076db00000, 0x0000000776900000, 0x00000007c0000000)
  eden space 120320K, 100% used [0x000000076db00000,0x0000000775080000,0x0000000775080000)
  from space 10240K, 73% used [0x0000000775080000,0x00000007757dbec8,0x0000000775a80000)
  to   space 12288K, 0% used [0x0000000775d00000,0x0000000775d00000,0x0000000776900000)
 ParOldGen       total 111616K, used 10019K [0x00000006c9000000, 0x00000006cfd00000, 0x000000076db00000)
  object space 111616K, 8% used [0x00000006c9000000,0x00000006c99c8eb0,0x00000006cfd00000)
 Metaspace       used 29544K, capacity 31306K, committed 31616K, reserved 1077248K
  class space    used 4028K, capacity 4385K, committed 4480K, reserved 1048576K
Event: 2,106 GC heap after
Heap after GC invocations=7 (full 1):
 PSYoungGen      total 132608K, used 9226K [0x000000076db00000, 0x0000000779080000, 0x00000007c0000000)
  eden space 120320K, 0% used [0x000000076db00000,0x000000076db00000,0x0000000775080000)
  from space 12288K, 75% used [0x0000000775d00000,0x0000000776602b98,0x0000000776900000)
  to   space 12800K, 0% used [0x0000000775080000,0x0000000775080000,0x0000000775d00000)
 ParOldGen       total 111616K, used 10027K [0x00000006c9000000, 0x00000006cfd00000, 0x000000076db00000)
  object space 111616K, 8% used [0x00000006c9000000,0x00000006c99caeb0,0x00000006cfd00000)
 Metaspace       used 29544K, capacity 31306K, committed 31616K, reserved 1077248K
  class space    used 4028K, capacity 4385K, committed 4480K, reserved 1048576K
}
Event: 2,382 GC heap before
{Heap before GC invocations=8 (full 1):
 PSYoungGen      total 132608K, used 61364K [0x000000076db00000, 0x0000000779080000, 0x00000007c0000000)
  eden space 120320K, 43% used [0x000000076db00000,0x0000000770dea748,0x0000000775080000)
  from space 12288K, 75% used [0x0000000775d00000,0x0000000776602b98,0x0000000776900000)
  to   space 12800K, 0% used [0x0000000775080000,0x0000000775080000,0x0000000775d00000)
 ParOldGen       total 111616K, used 10027K [0x00000006c9000000, 0x00000006cfd00000, 0x000000076db00000)
  object space 111616K, 8% used [0x00000006c9000000,0x00000006c99caeb0,0x00000006cfd00000)
 Metaspace       used 33554K, capacity 35428K, committed 35496K, reserved 1079296K
  class space    used 4452K, capacity 4820K, committed 4864K, reserved 1048576K
Event: 2,390 GC heap after
Heap after GC invocations=8 (full 1):
 PSYoungGen      total 133120K, used 11609K [0x000000076db00000, 0x0000000779580000, 0x00000007c0000000)
  eden space 120320K, 0% used [0x000000076db00000,0x000000076db00000,0x0000000775080000)
  from space 12800K, 90% used [0x0000000775080000,0x0000000775bd67b8,0x0000000775d00000)
  to   space 14336K, 0% used [0x0000000778780000,0x0000000778780000,0x0000000779580000)
 ParOldGen       total 111616K, used 10035K [0x00000006c9000000, 0x00000006cfd00000, 0x000000076db00000)
  object space 111616K, 8% used [0x00000006c9000000,0x00000006c99cceb0,0x00000006cfd00000)
 Metaspace       used 33554K, capacity 35428K, committed 35496K, reserved 1079296K
  class space    used 4452K, capacity 4820K, committed 4864K, reserved 1048576K
}
Event: 2,390 GC heap before
{Heap before GC invocations=9 (full 2):
 PSYoungGen      total 133120K, used 11609K [0x000000076db00000, 0x0000000779580000, 0x00000007c0000000)
  eden space 120320K, 0% used [0x000000076db00000,0x000000076db00000,0x0000000775080000)
  from space 12800K, 90% used [0x0000000775080000,0x0000000775bd67b8,0x0000000775d00000)
  to   space 14336K, 0% used [0x0000000778780000,0x0000000778780000,0x0000000779580000)
 ParOldGen       total 111616K, used 10035K [0x00000006c9000000, 0x00000006cfd00000, 0x000000076db00000)
  object space 111616K, 8% used [0x00000006c9000000,0x00000006c99cceb0,0x00000006cfd00000)
 Metaspace       used 33554K, capacity 35428K, committed 35496K, reserved 1079296K
  class space    used 4452K, capacity 4820K, committed 4864K, reserved 1048576K
Event: 2,432 GC heap after
Heap after GC invocations=9 (full 2):
 PSYoungGen      total 133120K, used 0K [0x000000076db00000, 0x0000000779580000, 0x00000007c0000000)
  eden space 120320K, 0% used [0x000000076db00000,0x000000076db00000,0x0000000775080000)
  from space 12800K, 0% used [0x0000000775080000,0x0000000775080000,0x0000000775d00000)
  to   space 14336K, 0% used [0x0000000778780000,0x0000000778780000,0x0000000779580000)
 ParOldGen       total 182784K, used 16897K [0x00000006c9000000, 0x00000006d4280000, 0x000000076db00000)
  object space 182784K, 9% used [0x00000006c9000000,0x00000006ca080778,0x00000006d4280000)
 Metaspace       used 33554K, capacity 35428K, committed 35496K, reserved 1079296K
  class space    used 4452K, capacity 4820K, committed 4864K, reserved 1048576K
}
Event: 2,998 GC heap before
{Heap before GC invocations=10 (full 2):
 PSYoungGen      total 133120K, used 120320K [0x000000076db00000, 0x0000000779580000, 0x00000007c0000000)
  eden space 120320K, 100% used [0x000000076db00000,0x0000000775080000,0x0000000775080000)
  from space 12800K, 0% used [0x0000000775080000,0x0000000775080000,0x0000000775d00000)
  to   space 14336K, 0% used [0x0000000778780000,0x0000000778780000,0x0000000779580000)
 ParOldGen       total 182784K, used 16897K [0x00000006c9000000, 0x00000006d4280000, 0x000000076db00000)
  object space 182784K, 9% used [0x00000006c9000000,0x00000006ca080778,0x00000006d4280000)
 Metaspace       used 43019K, capacity 45076K, committed 45440K, reserved 1087488K
  class space    used 6053K, capacity 6474K, committed 6528K, reserved 1048576K
Event: 3,006 GC heap after
Heap after GC invocations=10 (full 2):
 PSYoungGen      total 176128K, used 10416K [0x000000076db00000, 0x0000000779680000, 0x00000007c0000000)
  eden space 161792K, 0% used [0x000000076db00000,0x000000076db00000,0x0000000777900000)
  from space 14336K, 72% used [0x0000000778780000,0x00000007791ac128,0x0000000779580000)
  to   space 14848K, 0% used [0x0000000777900000,0x0000000777900000,0x0000000778780000)
 ParOldGen       total 182784K, used 16905K [0x00000006c9000000, 0x00000006d4280000, 0x000000076db00000)
  object space 182784K, 9% used [0x00000006c9000000,0x00000006ca082778,0x00000006d4280000)
 Metaspace       used 43019K, capacity 45076K, committed 45440K, reserved 1087488K
  class space    used 6053K, capacity 6474K, committed 6528K, reserved 1048576K
}
Event: 4,183 GC heap before
{Heap before GC invocations=11 (full 2):
 PSYoungGen      total 176128K, used 172208K [0x000000076db00000, 0x0000000779680000, 0x00000007c0000000)
  eden space 161792K, 100% used [0x000000076db00000,0x0000000777900000,0x0000000777900000)
  from space 14336K, 72% used [0x0000000778780000,0x00000007791ac128,0x0000000779580000)
  to   space 14848K, 0% used [0x0000000777900000,0x0000000777900000,0x0000000778780000)
 ParOldGen       total 182784K, used 16905K [0x00000006c9000000, 0x00000006d4280000, 0x000000076db00000)
  object space 182784K, 9% used [0x00000006c9000000,0x00000006ca082778,0x00000006d4280000)
 Metaspace       used 52811K, capacity 55786K, committed 55936K, reserved 1097728K
  class space    used 7475K, capacity 8010K, committed 8064K, reserved 1048576K

