# JRE version: Java(TM) SE Runtime Environment (8.0_201-b09) (build 1.8.0_201-b09)
# Java VM: Java HotSpot(TM) 64-Bit Server VM (25.201-b09 mixed mode linux-amd64 compressed oops)
Heap:
 PSYoungGen      total 252416K, used 10223K [0x000000076db00000, 0x000000077e680000, 0x00000007c0000000)
  eden space 242176K, 0% used [0x000000076db00000,0x000000076db00000,0x000000077c780000)
  from space 10240K, 99% used [0x000000077d480000,0x000000077de7be80,0x000000077de80000)
  to   space 8192K, 0% used [0x000000077de80000,0x000000077de80000,0x000000077e680000)
 ParOldGen       total 112128K, used 14141K [0x00000006c9000000, 0x00000006cfd80000, 0x000000076db00000)
  object space 112128K, 12% used [0x00000006c9000000,0x00000006c9dcf600,0x00000006cfd80000)
 Metaspace       used 33567K, capacity 35432K, committed 35496K, reserved 1079296K
  class space    used 4452K, capacity 4820K, committed 4864K, reserved 1048576K
GC Heap History (10 events):
Event: 0,847 GC heap after
Heap after GC invocations=2 (full 0):
 PSYoungGen      total 138240K, used 7675K [0x000000076db00000, 0x0000000776c00000, 0x00000007c0000000)
  eden space 128000K, 0% used [0x000000076db00000,0x000000076db00000,0x0000000775800000)
  from space 10240K, 74% used [0x0000000776200000,0x000000077697ec10,0x0000000776c00000)
  to   space 10240K, 0% used [0x0000000775800000,0x0000000775800000,0x0000000776200000)
 ParOldGen       total 169472K, used 24K [0x00000006c9000000, 0x00000006d3580000, 0x000000076db00000)
  object space 169472K, 0% used [0x00000006c9000000,0x00000006c9006000,0x00000006d3580000)
 Metaspace       used 14898K, capacity 15396K, committed 15488K, reserved 1062912K
  class space    used 2022K, capacity 2175K, committed 2176K, reserved 1048576K
}
Event: 1,172 GC heap before
{Heap before GC invocations=3 (full 0):
 PSYoungGen      total 138240K, used 107858K [0x000000076db00000, 0x0000000776c00000, 0x00000007c0000000)
  eden space 128000K, 78% used [0x000000076db00000,0x0000000773cd5fc0,0x0000000775800000)
  from space 10240K, 74% used [0x0000000776200000,0x000000077697ec10,0x0000000776c00000)
  to   space 10240K, 0% used [0x0000000775800000,0x0000000775800000,0x0000000776200000)
 ParOldGen       total 169472K, used 24K [0x00000006c9000000, 0x00000006d3580000, 0x000000076db00000)
  object space 169472K, 0% used [0x00000006c9000000,0x00000006c9006000,0x00000006d3580000)
 Metaspace       used 20477K, capacity 21236K, committed 21296K, reserved 1067008K
  class space    used 2736K, capacity 2931K, committed 2944K, reserved 1048576K
Event: 1,184 GC heap after
Heap after GC invocations=3 (full 0):
 PSYoungGen      total 138240K, used 10215K [0x000000076db00000, 0x000000077e900000, 0x00000007c0000000)
  eden space 128000K, 0% used [0x000000076db00000,0x000000076db00000,0x0000000775800000)
  from space 10240K, 99% used [0x0000000775800000,0x00000007761f9fa0,0x0000000776200000)
  to   space 10240K, 0% used [0x000000077df00000,0x000000077df00000,0x000000077e900000)
 ParOldGen       total 169472K, used 555K [0x00000006c9000000, 0x00000006d3580000, 0x000000076db00000)
  object space 169472K, 0% used [0x00000006c9000000,0x00000006c908ad50,0x00000006d3580000)
 Metaspace       used 20477K, capacity 21236K, committed 21296K, reserved 1067008K
  class space    used 2736K, capacity 2931K, committed 2944K, reserved 1048576K
}
Event: 1,184 GC heap before
{Heap before GC invocations=4 (full 1):
 PSYoungGen      total 138240K, used 10215K [0x000000076db00000, 0x000000077e900000, 0x00000007c0000000)
  eden space 128000K, 0% used [0x000000076db00000,0x000000076db00000,0x0000000775800000)
  from space 10240K, 99% used [0x0000000775800000,0x00000007761f9fa0,0x0000000776200000)
  to   space 10240K, 0% used [0x000000077df00000,0x000000077df00000,0x000000077e900000)
 ParOldGen       total 169472K, used 555K [0x00000006c9000000, 0x00000006d3580000, 0x000000076db00000)
  object space 169472K, 0% used [0x00000006c9000000,0x00000006c908ad50,0x00000006d3580000)
 Metaspace       used 20477K, capacity 21236K, committed 21296K, reserved 1067008K
  class space    used 2736K, capacity 2931K, committed 2944K, reserved 1048576K
Event: 1,231 GC heap after
Heap after GC invocations=4 (full 1):
 PSYoungGen      total 138240K, used 0K [0x000000076db00000, 0x000000077e900000, 0x00000007c0000000)
  eden space 128000K, 0% used [0x000000076db00000,0x000000076db00000,0x0000000775800000)
  from space 10240K, 0% used [0x0000000775800000,0x0000000775800000,0x0000000776200000)
  to   space 10240K, 0% used [0x000000077df00000,0x000000077df00000,0x000000077e900000)
 ParOldGen       total 112128K, used 10260K [0x00000006c9000000, 0x00000006cfd80000, 0x000000076db00000)
  object space 112128K, 9% used [0x00000006c9000000,0x00000006c9a05010,0x00000006cfd80000)
 Metaspace       used 20476K, capacity 21230K, committed 21296K, reserved 1067008K
  class space    used 2735K, capacity 2930K, committed 2944K, reserved 1048576K
}
Event: 1,846 GC heap before
{Heap before GC invocations=5 (full 1):
 PSYoungGen      total 138240K, used 128000K [0x000000076db00000, 0x000000077e900000, 0x00000007c0000000)
  eden space 128000K, 100% used [0x000000076db00000,0x0000000775800000,0x0000000775800000)
  from space 10240K, 0% used [0x0000000775800000,0x0000000775800000,0x0000000776200000)
  to   space 10240K, 0% used [0x000000077df00000,0x000000077df00000,0x000000077e900000)
 ParOldGen       total 112128K, used 10260K [0x00000006c9000000, 0x00000006cfd80000, 0x000000076db00000)
  object space 112128K, 9% used [0x00000006c9000000,0x00000006c9a05010,0x00000006cfd80000)
 Metaspace       used 25744K, capacity 27020K, committed 27264K, reserved 1073152K
  class space    used 3530K, capacity 3850K, committed 3968K, reserved 1048576K
Event: 1,852 GC heap after
Heap after GC invocations=5 (full 1):
 PSYoungGen      total 186880K, used 9312K [0x000000076db00000, 0x000000077e880000, 0x00000007c0000000)
  eden space 177152K, 0% used [0x000000076db00000,0x000000076db00000,0x0000000778800000)
  from space 9728K, 95% used [0x000000077df00000,0x000000077e8181b0,0x000000077e880000)
  to   space 10240K, 0% used [0x000000077d480000,0x000000077d480000,0x000000077de80000)
 ParOldGen       total 112128K, used 10268K [0x00000006c9000000, 0x00000006cfd80000, 0x000000076db00000)
  object space 112128K, 9% used [0x00000006c9000000,0x00000006c9a07010,0x00000006cfd80000)
 Metaspace       used 25744K, capacity 27020K, committed 27264K, reserved 1073152K
  class space    used 3530K, capacity 3850K, committed 3968K, reserved 1048576K
}
Event: 2,418 GC heap before
{Heap before GC invocations=6 (full 1):
 PSYoungGen      total 186880K, used 175443K [0x000000076db00000, 0x000000077e880000, 0x00000007c0000000)
  eden space 177152K, 93% used [0x000000076db00000,0x0000000777d3cdd0,0x0000000778800000)
  from space 9728K, 95% used [0x000000077df00000,0x000000077e8181b0,0x000000077e880000)
  to   space 10240K, 0% used [0x000000077d480000,0x000000077d480000,0x000000077de80000)
 ParOldGen       total 112128K, used 10268K [0x00000006c9000000, 0x00000006cfd80000, 0x000000076db00000)
  object space 112128K, 9% used [0x00000006c9000000,0x00000006c9a07010,0x00000006cfd80000)
 Metaspace       used 33567K, capacity 35432K, committed 35496K, reserved 1079296K
  class space    used 4452K, capacity 4820K, committed 4864K, reserved 1048576K
Event: 2,429 GC heap after
Heap after GC invocations=6 (full 1):
 PSYoungGen      total 252416K, used 10223K [0x000000076db00000, 0x000000077e680000, 0x00000007c0000000)
  eden space 242176K, 0% used [0x000000076db00000,0x000000076db00000,0x000000077c780000)
  from space 10240K, 99% used [0x000000077d480000,0x000000077de7be80,0x000000077de80000)
  to   space 8192K, 0% used [0x000000077de80000,0x000000077de80000,0x000000077e680000)
 ParOldGen       total 112128K, used 14141K [0x00000006c9000000, 0x00000006cfd80000, 0x000000076db00000)
  object space 112128K, 12% used [0x00000006c9000000,0x00000006c9dcf600,0x00000006cfd80000)
 Metaspace       used 33567K, capacity 35432K, committed 35496K, reserved 1079296K
  class space    used 4452K, capacity 4820K, committed 4864K, reserved 1048576K
}
Event: 2,429 GC heap before
{Heap before GC invocations=7 (full 2):
 PSYoungGen      total 252416K, used 10223K [0x000000076db00000, 0x000000077e680000, 0x00000007c0000000)
  eden space 242176K, 0% used [0x000000076db00000,0x000000076db00000,0x000000077c780000)
  from space 10240K, 99% used [0x000000077d480000,0x000000077de7be80,0x000000077de80000)
  to   space 8192K, 0% used [0x000000077de80000,0x000000077de80000,0x000000077e680000)
 ParOldGen       total 112128K, used 14141K [0x00000006c9000000, 0x00000006cfd80000, 0x000000076db00000)
  object space 112128K, 12% used [0x00000006c9000000,0x00000006c9dcf600,0x00000006cfd80000)
 Metaspace       used 33567K, capacity 35432K, committed 35496K, reserved 1079296K
  class space    used 4452K, capacity 4820K, committed 4864K, reserved 1048576K

