# JRE version: Java(TM) SE Runtime Environment (8.0_201-b09) (build 1.8.0_201-b09)
# Java VM: Java HotSpot(TM) 64-Bit Server VM (25.201-b09 mixed mode linux-amd64 compressed oops)
Heap:
 PSYoungGen      total 187904K, used 175722K [0x000000076db00000, 0x000000077e800000, 0x00000007c0000000)
  eden space 178688K, 93% used [0x000000076db00000,0x0000000777dcfb30,0x0000000778980000)
  from space 9216K, 97% used [0x000000077df00000,0x000000077e7caf50,0x000000077e800000)
  to   space 10240K, 87% used [0x000000077d400000,0x000000077dcb9760,0x000000077de00000)
 ParOldGen       total 111104K, used 10242K [0x00000006c9000000, 0x00000006cfc80000, 0x000000076db00000)
  object space 111104K, 9% used [0x00000006c9000000,0x00000006c9a00bf0,0x00000006cfc80000)
 Metaspace       used 33505K, capacity 35422K, committed 35496K, reserved 1079296K
  class space    used 4457K, capacity 4829K, committed 4864K, reserved 1048576K
GC Heap History (10 events):
Event: 0,654 GC heap after
Heap after GC invocations=1 (full 0):
 PSYoungGen      total 74240K, used 4963K [0x000000076db00000, 0x0000000776c00000, 0x00000007c0000000)
  eden space 64000K, 0% used [0x000000076db00000,0x000000076db00000,0x0000000771980000)
  from space 10240K, 48% used [0x0000000771980000,0x0000000771e58d18,0x0000000772380000)
  to   space 10240K, 0% used [0x0000000776200000,0x0000000776200000,0x0000000776c00000)
 ParOldGen       total 169472K, used 16K [0x00000006c9000000, 0x00000006d3580000, 0x000000076db00000)
  object space 169472K, 0% used [0x00000006c9000000,0x00000006c9004000,0x00000006d3580000)
 Metaspace       used 9525K, capacity 9702K, committed 9984K, reserved 1058816K
  class space    used 1148K, capacity 1211K, committed 1280K, reserved 1048576K
}
Event: 0,932 GC heap before
{Heap before GC invocations=2 (full 0):
 PSYoungGen      total 74240K, used 68963K [0x000000076db00000, 0x0000000776c00000, 0x00000007c0000000)
  eden space 64000K, 100% used [0x000000076db00000,0x0000000771980000,0x0000000771980000)
  from space 10240K, 48% used [0x0000000771980000,0x0000000771e58d18,0x0000000772380000)
  to   space 10240K, 0% used [0x0000000776200000,0x0000000776200000,0x0000000776c00000)
 ParOldGen       total 169472K, used 16K [0x00000006c9000000, 0x00000006d3580000, 0x000000076db00000)
  object space 169472K, 0% used [0x00000006c9000000,0x00000006c9004000,0x00000006d3580000)
 Metaspace       used 14937K, capacity 15396K, committed 15488K, reserved 1062912K
  class space    used 2028K, capacity 2175K, committed 2176K, reserved 1048576K
Event: 0,940 GC heap after
Heap after GC invocations=2 (full 0):
 PSYoungGen      total 138240K, used 7644K [0x000000076db00000, 0x0000000776c00000, 0x00000007c0000000)
  eden space 128000K, 0% used [0x000000076db00000,0x000000076db00000,0x0000000775800000)
  from space 10240K, 74% used [0x0000000776200000,0x00000007769772e0,0x0000000776c00000)
  to   space 10240K, 0% used [0x0000000775800000,0x0000000775800000,0x0000000776200000)
 ParOldGen       total 169472K, used 24K [0x00000006c9000000, 0x00000006d3580000, 0x000000076db00000)
  object space 169472K, 0% used [0x00000006c9000000,0x00000006c9006000,0x00000006d3580000)
 Metaspace       used 14937K, capacity 15396K, committed 15488K, reserved 1062912K
  class space    used 2028K, capacity 2175K, committed 2176K, reserved 1048576K
}
Event: 1,286 GC heap before
{Heap before GC invocations=3 (full 0):
 PSYoungGen      total 138240K, used 105491K [0x000000076db00000, 0x0000000776c00000, 0x00000007c0000000)
  eden space 128000K, 76% used [0x000000076db00000,0x0000000773a8da08,0x0000000775800000)
  from space 10240K, 74% used [0x0000000776200000,0x00000007769772e0,0x0000000776c00000)
  to   space 10240K, 0% used [0x0000000775800000,0x0000000775800000,0x0000000776200000)
 ParOldGen       total 169472K, used 24K [0x00000006c9000000, 0x00000006d3580000, 0x000000076db00000)
  object space 169472K, 0% used [0x00000006c9000000,0x00000006c9006000,0x00000006d3580000)
 Metaspace       used 20450K, capacity 21178K, committed 21296K, reserved 1067008K
  class space    used 2737K, capacity 2932K, committed 2944K, reserved 1048576K
Event: 1,303 GC heap after
Heap after GC invocations=3 (full 0):
 PSYoungGen      total 138240K, used 10238K [0x000000076db00000, 0x000000077e900000, 0x00000007c0000000)
  eden space 128000K, 0% used [0x000000076db00000,0x000000076db00000,0x0000000775800000)
  from space 10240K, 99% used [0x0000000775800000,0x00000007761ffac0,0x0000000776200000)
  to   space 10240K, 0% used [0x000000077df00000,0x000000077df00000,0x000000077e900000)
 ParOldGen       total 169472K, used 462K [0x00000006c9000000, 0x00000006d3580000, 0x000000076db00000)
  object space 169472K, 0% used [0x00000006c9000000,0x00000006c9073be8,0x00000006d3580000)
 Metaspace       used 20450K, capacity 21178K, committed 21296K, reserved 1067008K
  class space    used 2737K, capacity 2932K, committed 2944K, reserved 1048576K
}
Event: 1,303 GC heap before
{Heap before GC invocations=4 (full 1):
 PSYoungGen      total 138240K, used 10238K [0x000000076db00000, 0x000000077e900000, 0x00000007c0000000)
  eden space 128000K, 0% used [0x000000076db00000,0x000000076db00000,0x0000000775800000)
  from space 10240K, 99% used [0x0000000775800000,0x00000007761ffac0,0x0000000776200000)
  to   space 10240K, 0% used [0x000000077df00000,0x000000077df00000,0x000000077e900000)
 ParOldGen       total 169472K, used 462K [0x00000006c9000000, 0x00000006d3580000, 0x000000076db00000)
  object space 169472K, 0% used [0x00000006c9000000,0x00000006c9073be8,0x00000006d3580000)
 Metaspace       used 20450K, capacity 21178K, committed 21296K, reserved 1067008K
  class space    used 2737K, capacity 2932K, committed 2944K, reserved 1048576K
Event: 1,350 GC heap after
Heap after GC invocations=4 (full 1):
 PSYoungGen      total 138240K, used 0K [0x000000076db00000, 0x000000077e900000, 0x00000007c0000000)
  eden space 128000K, 0% used [0x000000076db00000,0x000000076db00000,0x0000000775800000)
  from space 10240K, 0% used [0x0000000775800000,0x0000000775800000,0x0000000776200000)
  to   space 10240K, 0% used [0x000000077df00000,0x000000077df00000,0x000000077e900000)
 ParOldGen       total 111104K, used 10226K [0x00000006c9000000, 0x00000006cfc80000, 0x000000076db00000)
  object space 111104K, 9% used [0x00000006c9000000,0x00000006c99fcbf0,0x00000006cfc80000)
 Metaspace       used 20448K, capacity 21172K, committed 21296K, reserved 1067008K
  class space    used 2736K, capacity 2931K, committed 2944K, reserved 1048576K
}
Event: 1,970 GC heap before
{Heap before GC invocations=5 (full 1):
 PSYoungGen      total 138240K, used 128000K [0x000000076db00000, 0x000000077e900000, 0x00000007c0000000)
  eden space 128000K, 100% used [0x000000076db00000,0x0000000775800000,0x0000000775800000)
  from space 10240K, 0% used [0x0000000775800000,0x0000000775800000,0x0000000776200000)
  to   space 10240K, 0% used [0x000000077df00000,0x000000077df00000,0x000000077e900000)
 ParOldGen       total 111104K, used 10226K [0x00000006c9000000, 0x00000006cfc80000, 0x000000076db00000)
  object space 111104K, 9% used [0x00000006c9000000,0x00000006c99fcbf0,0x00000006cfc80000)
 Metaspace       used 25576K, capacity 26844K, committed 27136K, reserved 1073152K
  class space    used 3500K, capacity 3778K, committed 3840K, reserved 1048576K
Event: 1,977 GC heap after
Heap after GC invocations=5 (full 1):
 PSYoungGen      total 187904K, used 9003K [0x000000076db00000, 0x000000077e800000, 0x00000007c0000000)
  eden space 178688K, 0% used [0x000000076db00000,0x000000076db00000,0x0000000778980000)
  from space 9216K, 97% used [0x000000077df00000,0x000000077e7caf50,0x000000077e800000)
  to   space 10240K, 0% used [0x000000077d400000,0x000000077d400000,0x000000077de00000)
 ParOldGen       total 111104K, used 10234K [0x00000006c9000000, 0x00000006cfc80000, 0x000000076db00000)
  object space 111104K, 9% used [0x00000006c9000000,0x00000006c99febf0,0x00000006cfc80000)
 Metaspace       used 25576K, capacity 26844K, committed 27136K, reserved 1073152K
  class space    used 3500K, capacity 3778K, committed 3840K, reserved 1048576K
}
Event: 2,506 GC heap before
{Heap before GC invocations=6 (full 1):
 PSYoungGen      total 187904K, used 175722K [0x000000076db00000, 0x000000077e800000, 0x00000007c0000000)
  eden space 178688K, 93% used [0x000000076db00000,0x0000000777dcfb30,0x0000000778980000)
  from space 9216K, 97% used [0x000000077df00000,0x000000077e7caf50,0x000000077e800000)
  to   space 10240K, 0% used [0x000000077d400000,0x000000077d400000,0x000000077de00000)
 ParOldGen       total 111104K, used 10234K [0x00000006c9000000, 0x00000006cfc80000, 0x000000076db00000)
  object space 111104K, 9% used [0x00000006c9000000,0x00000006c99febf0,0x00000006cfc80000)
 Metaspace       used 33505K, capacity 35422K, committed 35496K, reserved 1079296K
  class space    used 4457K, capacity 4829K, committed 4864K, reserved 1048576K

