# JRE version: Java(TM) SE Runtime Environment (8.0_201-b09) (build 1.8.0_201-b09)
# Java VM: Java HotSpot(TM) 64-Bit Server VM (25.201-b09 mixed mode linux-amd64 compressed oops)
Heap:
 PSYoungGen      total 74240K, used 69034K [0x000000076db00000, 0x0000000776c00000, 0x00000007c0000000)
  eden space 64000K, 100% used [0x000000076db00000,0x0000000771980000,0x0000000771980000)
  from space 10240K, 49% used [0x0000000771980000,0x0000000771e6a928,0x0000000772380000)
  to   space 10240K, 55% used [0x0000000776200000,0x00000007767957d8,0x0000000776c00000)
 ParOldGen       total 169472K, used 24K [0x00000006c9000000, 0x00000006d3580000, 0x000000076db00000)
  object space 169472K, 0% used [0x00000006c9000000,0x00000006c9006000,0x00000006d3580000)
 Metaspace       used 14920K, capacity 15384K, committed 15488K, reserved 1062912K
  class space    used 2033K, capacity 2173K, committed 2176K, reserved 1048576K
GC Heap History (3 events):
Event: 0,546 GC heap before
{Heap before GC invocations=1 (full 0):
 PSYoungGen      total 74240K, used 63966K [0x000000076db00000, 0x0000000772d80000, 0x00000007c0000000)
  eden space 64000K, 99% used [0x000000076db00000,0x0000000771977ab8,0x0000000771980000)
  from space 10240K, 0% used [0x0000000772380000,0x0000000772380000,0x0000000772d80000)
  to   space 10240K, 0% used [0x0000000771980000,0x0000000771980000,0x0000000772380000)
 ParOldGen       total 169472K, used 0K [0x00000006c9000000, 0x00000006d3580000, 0x000000076db00000)
  object space 169472K, 0% used [0x00000006c9000000,0x00000006c9000000,0x00000006d3580000)
 Metaspace       used 9513K, capacity 9702K, committed 9984K, reserved 1058816K
  class space    used 1148K, capacity 1211K, committed 1280K, reserved 1048576K
Event: 0,552 GC heap after
Heap after GC invocations=1 (full 0):
 PSYoungGen      total 74240K, used 5034K [0x000000076db00000, 0x0000000776c00000, 0x00000007c0000000)
  eden space 64000K, 0% used [0x000000076db00000,0x000000076db00000,0x0000000771980000)
  from space 10240K, 49% used [0x0000000771980000,0x0000000771e6a928,0x0000000772380000)
  to   space 10240K, 0% used [0x0000000776200000,0x0000000776200000,0x0000000776c00000)
 ParOldGen       total 169472K, used 16K [0x00000006c9000000, 0x00000006d3580000, 0x000000076db00000)
  object space 169472K, 0% used [0x00000006c9000000,0x00000006c9004000,0x00000006d3580000)
 Metaspace       used 9513K, capacity 9702K, committed 9984K, reserved 1058816K
  class space    used 1148K, capacity 1211K, committed 1280K, reserved 1048576K
}
Event: 0,842 GC heap before
{Heap before GC invocations=2 (full 0):
 PSYoungGen      total 74240K, used 69034K [0x000000076db00000, 0x0000000776c00000, 0x00000007c0000000)
  eden space 64000K, 100% used [0x000000076db00000,0x0000000771980000,0x0000000771980000)
  from space 10240K, 49% used [0x0000000771980000,0x0000000771e6a928,0x0000000772380000)
  to   space 10240K, 0% used [0x0000000776200000,0x0000000776200000,0x0000000776c00000)
 ParOldGen       total 169472K, used 16K [0x00000006c9000000, 0x00000006d3580000, 0x000000076db00000)
  object space 169472K, 0% used [0x00000006c9000000,0x00000006c9004000,0x00000006d3580000)
 Metaspace       used 14920K, capacity 15384K, committed 15488K, reserved 1062912K
  class space    used 2033K, capacity 2173K, committed 2176K, reserved 1048576K

