# JRE version: Java(TM) SE Runtime Environment (8.0_201-b09) (build 1.8.0_201-b09)
# Java VM: Java HotSpot(TM) 64-Bit Server VM (25.201-b09 mixed mode linux-amd64 compressed oops)
Heap:
 PSYoungGen      total 267776K, used 10123K [0x000000076db00000, 0x0000000785e00000, 0x00000007c0000000)
  eden space 252928K, 0% used [0x000000076db00000,0x000000076db00000,0x000000077d200000)
  from space 14848K, 68% used [0x000000077e080000,0x000000077ea62e18,0x000000077ef00000)
  to   space 14848K, 0% used [0x000000077d200000,0x000000077d200000,0x000000077e080000)
 ParOldGen       total 109056K, used 13509K [0x00000006c9000000, 0x00000006cfa80000, 0x000000076db00000)
  object space 109056K, 12% used [0x00000006c9000000,0x00000006c9d316f0,0x00000006cfa80000)
 Metaspace       used 33553K, capacity 35422K, committed 35496K, reserved 1079296K
  class space    used 4450K, capacity 4819K, committed 4864K, reserved 1048576K
GC Heap History (10 events):
Event: 1,104 GC heap after
Heap after GC invocations=3 (full 0):
 PSYoungGen      total 138240K, used 10235K [0x000000076db00000, 0x000000077e900000, 0x00000007c0000000)
  eden space 128000K, 0% used [0x000000076db00000,0x000000076db00000,0x0000000775800000)
  from space 10240K, 99% used [0x0000000775800000,0x00000007761fec68,0x0000000776200000)
  to   space 10240K, 0% used [0x000000077df00000,0x000000077df00000,0x000000077e900000)
 ParOldGen       total 169472K, used 224K [0x00000006c9000000, 0x00000006d3580000, 0x000000076db00000)
  object space 169472K, 0% used [0x00000006c9000000,0x00000006c90381c0,0x00000006d3580000)
 Metaspace       used 20493K, capacity 21184K, committed 21296K, reserved 1067008K
  class space    used 2742K, capacity 2935K, committed 2944K, reserved 1048576K
}
Event: 1,104 GC heap before
{Heap before GC invocations=4 (full 1):
 PSYoungGen      total 138240K, used 10235K [0x000000076db00000, 0x000000077e900000, 0x00000007c0000000)
  eden space 128000K, 0% used [0x000000076db00000,0x000000076db00000,0x0000000775800000)
  from space 10240K, 99% used [0x0000000775800000,0x00000007761fec68,0x0000000776200000)
  to   space 10240K, 0% used [0x000000077df00000,0x000000077df00000,0x000000077e900000)
 ParOldGen       total 169472K, used 224K [0x00000006c9000000, 0x00000006d3580000, 0x000000076db00000)
  object space 169472K, 0% used [0x00000006c9000000,0x00000006c90381c0,0x00000006d3580000)
 Metaspace       used 20493K, capacity 21184K, committed 21296K, reserved 1067008K
  class space    used 2742K, capacity 2935K, committed 2944K, reserved 1048576K
Event: 1,141 GC heap after
Heap after GC invocations=4 (full 1):
 PSYoungGen      total 138240K, used 0K [0x000000076db00000, 0x000000077e900000, 0x00000007c0000000)
  eden space 128000K, 0% used [0x000000076db00000,0x000000076db00000,0x0000000775800000)
  from space 10240K, 0% used [0x0000000775800000,0x0000000775800000,0x0000000776200000)
  to   space 10240K, 0% used [0x000000077df00000,0x000000077df00000,0x000000077e900000)
 ParOldGen       total 109056K, used 10038K [0x00000006c9000000, 0x00000006cfa80000, 0x000000076db00000)
  object space 109056K, 9% used [0x00000006c9000000,0x00000006c99cdb38,0x00000006cfa80000)
 Metaspace       used 20492K, capacity 21178K, committed 21296K, reserved 1067008K
  class space    used 2742K, capacity 2934K, committed 2944K, reserved 1048576K
}
Event: 1,594 GC heap before
{Heap before GC invocations=5 (full 1):
 PSYoungGen      total 138240K, used 128000K [0x000000076db00000, 0x000000077e900000, 0x00000007c0000000)
  eden space 128000K, 100% used [0x000000076db00000,0x0000000775800000,0x0000000775800000)
  from space 10240K, 0% used [0x0000000775800000,0x0000000775800000,0x0000000776200000)
  to   space 10240K, 0% used [0x000000077df00000,0x000000077df00000,0x000000077e900000)
 ParOldGen       total 109056K, used 10046K [0x00000006c9000000, 0x00000006cfa80000, 0x000000076db00000)
  object space 109056K, 9% used [0x00000006c9000000,0x00000006c99cfa10,0x00000006cfa80000)
 Metaspace       used 23699K, capacity 24818K, committed 25088K, reserved 1071104K
  class space    used 3233K, capacity 3479K, committed 3584K, reserved 1048576K
Event: 1,599 GC heap after
Heap after GC invocations=5 (full 1):
 PSYoungGen      total 188416K, used 6495K [0x000000076db00000, 0x000000077e580000, 0x00000007c0000000)
  eden space 181760K, 0% used [0x000000076db00000,0x000000076db00000,0x0000000778c80000)
  from space 6656K, 97% used [0x000000077df00000,0x000000077e557c80,0x000000077e580000)
  to   space 10240K, 0% used [0x000000077d180000,0x000000077d180000,0x000000077db80000)
 ParOldGen       total 109056K, used 10054K [0x00000006c9000000, 0x00000006cfa80000, 0x000000076db00000)
  object space 109056K, 9% used [0x00000006c9000000,0x00000006c99d1a10,0x00000006cfa80000)
 Metaspace       used 23699K, capacity 24818K, committed 25088K, reserved 1071104K
  class space    used 3233K, capacity 3479K, committed 3584K, reserved 1048576K
}
Event: 2,243 GC heap before
{Heap before GC invocations=6 (full 1):
 PSYoungGen      total 188416K, used 188255K [0x000000076db00000, 0x000000077e580000, 0x00000007c0000000)
  eden space 181760K, 100% used [0x000000076db00000,0x0000000778c80000,0x0000000778c80000)
  from space 6656K, 97% used [0x000000077df00000,0x000000077e557c80,0x000000077e580000)
  to   space 10240K, 0% used [0x000000077d180000,0x000000077d180000,0x000000077db80000)
 ParOldGen       total 109056K, used 10054K [0x00000006c9000000, 0x00000006cfa80000, 0x000000076db00000)
  object space 109056K, 9% used [0x00000006c9000000,0x00000006c99d1a10,0x00000006cfa80000)
 Metaspace       used 31560K, capacity 33382K, committed 33664K, reserved 1079296K
  class space    used 4260K, capacity 4639K, committed 4736K, reserved 1048576K
Event: 2,252 GC heap after
Heap after GC invocations=6 (full 1):
 PSYoungGen      total 262656K, used 10234K [0x000000076db00000, 0x000000077ef00000, 0x00000007c0000000)
  eden space 252416K, 0% used [0x000000076db00000,0x000000076db00000,0x000000077d180000)
  from space 10240K, 99% used [0x000000077d180000,0x000000077db7ea78,0x000000077db80000)
  to   space 14848K, 0% used [0x000000077e080000,0x000000077e080000,0x000000077ef00000)
 ParOldGen       total 109056K, used 13501K [0x00000006c9000000, 0x00000006cfa80000, 0x000000076db00000)
  object space 109056K, 12% used [0x00000006c9000000,0x00000006c9d2f6f0,0x00000006cfa80000)
 Metaspace       used 31560K, capacity 33382K, committed 33664K, reserved 1079296K
  class space    used 4260K, capacity 4639K, committed 4736K, reserved 1048576K
}
Event: 2,380 GC heap before
{Heap before GC invocations=7 (full 1):
 PSYoungGen      total 262656K, used 32919K [0x000000076db00000, 0x000000077ef00000, 0x00000007c0000000)
  eden space 252416K, 8% used [0x000000076db00000,0x000000076f1272f8,0x000000077d180000)
  from space 10240K, 99% used [0x000000077d180000,0x000000077db7ea78,0x000000077db80000)
  to   space 14848K, 0% used [0x000000077e080000,0x000000077e080000,0x000000077ef00000)
 ParOldGen       total 109056K, used 13501K [0x00000006c9000000, 0x00000006cfa80000, 0x000000076db00000)
  object space 109056K, 12% used [0x00000006c9000000,0x00000006c9d2f6f0,0x00000006cfa80000)
 Metaspace       used 33553K, capacity 35422K, committed 35496K, reserved 1079296K
  class space    used 4450K, capacity 4819K, committed 4864K, reserved 1048576K
Event: 2,386 GC heap after
Heap after GC invocations=7 (full 1):
 PSYoungGen      total 267776K, used 10123K [0x000000076db00000, 0x0000000785e00000, 0x00000007c0000000)
  eden space 252928K, 0% used [0x000000076db00000,0x000000076db00000,0x000000077d200000)
  from space 14848K, 68% used [0x000000077e080000,0x000000077ea62e18,0x000000077ef00000)
  to   space 14848K, 0% used [0x000000077d200000,0x000000077d200000,0x000000077e080000)
 ParOldGen       total 109056K, used 13509K [0x00000006c9000000, 0x00000006cfa80000, 0x000000076db00000)
  object space 109056K, 12% used [0x00000006c9000000,0x00000006c9d316f0,0x00000006cfa80000)
 Metaspace       used 33553K, capacity 35422K, committed 35496K, reserved 1079296K
  class space    used 4450K, capacity 4819K, committed 4864K, reserved 1048576K
}
Event: 2,386 GC heap before
{Heap before GC invocations=8 (full 2):
 PSYoungGen      total 267776K, used 10123K [0x000000076db00000, 0x0000000785e00000, 0x00000007c0000000)
  eden space 252928K, 0% used [0x000000076db00000,0x000000076db00000,0x000000077d200000)
  from space 14848K, 68% used [0x000000077e080000,0x000000077ea62e18,0x000000077ef00000)
  to   space 14848K, 0% used [0x000000077d200000,0x000000077d200000,0x000000077e080000)
 ParOldGen       total 109056K, used 13509K [0x00000006c9000000, 0x00000006cfa80000, 0x000000076db00000)
  object space 109056K, 12% used [0x00000006c9000000,0x00000006c9d316f0,0x00000006cfa80000)
 Metaspace       used 33553K, capacity 35422K, committed 35496K, reserved 1079296K
  class space    used 4450K, capacity 4819K, committed 4864K, reserved 1048576K

