# JRE version: Java(TM) SE Runtime Environment (8.0_201-b09) (build 1.8.0_201-b09)
# Java VM: Java HotSpot(TM) 64-Bit Server VM (25.201-b09 mixed mode linux-amd64 compressed oops)
Heap:
 PSYoungGen      total 266240K, used 256000K [0x000000076db00000, 0x0000000783100000, 0x00000007c0000000)
  eden space 256000K, 100% used [0x000000076db00000,0x000000077d500000,0x000000077d500000)
  from space 10240K, 0% used [0x000000077d500000,0x000000077d500000,0x000000077df00000)
  to   space 14848K, 45% used [0x0000000782280000,0x000000078290e070,0x0000000783100000)
 ParOldGen       total 140800K, used 16146K [0x00000006c9000000, 0x00000006d1980000, 0x000000076db00000)
  object space 140800K, 11% used [0x00000006c9000000,0x00000006c9fc4bd8,0x00000006d1980000)
 Metaspace       used 50584K, capacity 53302K, committed 53504K, reserved 1095680K
  class space    used 7161K, capacity 7652K, committed 7680K, reserved 1048576K
GC Heap History (10 events):
Event: 1,122 GC heap after
Heap after GC invocations=3 (full 0):
 PSYoungGen      total 138240K, used 6181K [0x000000076db00000, 0x000000077e900000, 0x00000007c0000000)
  eden space 128000K, 0% used [0x000000076db00000,0x000000076db00000,0x0000000775800000)
  from space 10240K, 60% used [0x0000000775800000,0x0000000775e09608,0x0000000776200000)
  to   space 10240K, 0% used [0x000000077df00000,0x000000077df00000,0x000000077e900000)
 ParOldGen       total 169472K, used 171K [0x00000006c9000000, 0x00000006d3580000, 0x000000076db00000)
  object space 169472K, 0% used [0x00000006c9000000,0x00000006c902ae78,0x00000006d3580000)
 Metaspace       used 20614K, capacity 21262K, committed 21296K, reserved 1067008K
  class space    used 2737K, capacity 2921K, committed 2944K, reserved 1048576K
}
Event: 1,122 GC heap before
{Heap before GC invocations=4 (full 1):
 PSYoungGen      total 138240K, used 6181K [0x000000076db00000, 0x000000077e900000, 0x00000007c0000000)
  eden space 128000K, 0% used [0x000000076db00000,0x000000076db00000,0x0000000775800000)
  from space 10240K, 60% used [0x0000000775800000,0x0000000775e09608,0x0000000776200000)
  to   space 10240K, 0% used [0x000000077df00000,0x000000077df00000,0x000000077e900000)
 ParOldGen       total 169472K, used 171K [0x00000006c9000000, 0x00000006d3580000, 0x000000076db00000)
  object space 169472K, 0% used [0x00000006c9000000,0x00000006c902ae78,0x00000006d3580000)
 Metaspace       used 20614K, capacity 21262K, committed 21296K, reserved 1067008K
  class space    used 2737K, capacity 2921K, committed 2944K, reserved 1048576K
Event: 1,164 GC heap after
Heap after GC invocations=4 (full 1):
 PSYoungGen      total 138240K, used 0K [0x000000076db00000, 0x000000077e900000, 0x00000007c0000000)
  eden space 128000K, 0% used [0x000000076db00000,0x000000076db00000,0x0000000775800000)
  from space 10240K, 0% used [0x0000000775800000,0x0000000775800000,0x0000000776200000)
  to   space 10240K, 0% used [0x000000077df00000,0x000000077df00000,0x000000077e900000)
 ParOldGen       total 93184K, used 6045K [0x00000006c9000000, 0x00000006ceb00000, 0x000000076db00000)
  object space 93184K, 6% used [0x00000006c9000000,0x00000006c95e7460,0x00000006ceb00000)
 Metaspace       used 20610K, capacity 21250K, committed 21296K, reserved 1067008K
  class space    used 2736K, capacity 2919K, committed 2944K, reserved 1048576K
}
Event: 2,226 GC heap before
{Heap before GC invocations=5 (full 1):
 PSYoungGen      total 138240K, used 128000K [0x000000076db00000, 0x000000077e900000, 0x00000007c0000000)
  eden space 128000K, 100% used [0x000000076db00000,0x0000000775800000,0x0000000775800000)
  from space 10240K, 0% used [0x0000000775800000,0x0000000775800000,0x0000000776200000)
  to   space 10240K, 0% used [0x000000077df00000,0x000000077df00000,0x000000077e900000)
 ParOldGen       total 93184K, used 6045K [0x00000006c9000000, 0x00000006ceb00000, 0x000000076db00000)
  object space 93184K, 6% used [0x00000006c9000000,0x00000006c95e7460,0x00000006ceb00000)
 Metaspace       used 28313K, capacity 29962K, committed 30080K, reserved 1075200K
  class space    used 3875K, capacity 4203K, committed 4224K, reserved 1048576K
Event: 2,236 GC heap after
Heap after GC invocations=5 (full 1):
 PSYoungGen      total 215040K, used 10208K [0x000000076db00000, 0x000000077e900000, 0x00000007c0000000)
  eden space 204800K, 0% used [0x000000076db00000,0x000000076db00000,0x000000077a300000)
  from space 10240K, 99% used [0x000000077df00000,0x000000077e8f83b8,0x000000077e900000)
  to   space 10240K, 0% used [0x000000077d500000,0x000000077d500000,0x000000077df00000)
 ParOldGen       total 93184K, used 8405K [0x00000006c9000000, 0x00000006ceb00000, 0x000000076db00000)
  object space 93184K, 9% used [0x00000006c9000000,0x00000006c9835420,0x00000006ceb00000)
 Metaspace       used 28313K, capacity 29962K, committed 30080K, reserved 1075200K
  class space    used 3875K, capacity 4203K, committed 4224K, reserved 1048576K
}
Event: 2,585 GC heap before
{Heap before GC invocations=6 (full 1):
 PSYoungGen      total 215040K, used 101111K [0x000000076db00000, 0x000000077e900000, 0x00000007c0000000)
  eden space 204800K, 44% used [0x000000076db00000,0x00000007733c5c18,0x000000077a300000)
  from space 10240K, 99% used [0x000000077df00000,0x000000077e8f83b8,0x000000077e900000)
  to   space 10240K, 0% used [0x000000077d500000,0x000000077d500000,0x000000077df00000)
 ParOldGen       total 93184K, used 8405K [0x00000006c9000000, 0x00000006ceb00000, 0x000000076db00000)
  object space 93184K, 9% used [0x00000006c9000000,0x00000006c9835420,0x00000006ceb00000)
 Metaspace       used 33643K, capacity 35404K, committed 35496K, reserved 1079296K
  class space    used 4491K, capacity 4850K, committed 4864K, reserved 1048576K
Event: 2,595 GC heap after
Heap after GC invocations=6 (full 1):
 PSYoungGen      total 266240K, used 10223K [0x000000076db00000, 0x0000000783100000, 0x00000007c0000000)
  eden space 256000K, 0% used [0x000000076db00000,0x000000076db00000,0x000000077d500000)
  from space 10240K, 99% used [0x000000077d500000,0x000000077defbf98,0x000000077df00000)
  to   space 14848K, 0% used [0x0000000782280000,0x0000000782280000,0x0000000783100000)
 ParOldGen       total 93184K, used 9393K [0x00000006c9000000, 0x00000006ceb00000, 0x000000076db00000)
  object space 93184K, 10% used [0x00000006c9000000,0x00000006c992c658,0x00000006ceb00000)
 Metaspace       used 33643K, capacity 35404K, committed 35496K, reserved 1079296K
  class space    used 4491K, capacity 4850K, committed 4864K, reserved 1048576K
}
Event: 2,595 GC heap before
{Heap before GC invocations=7 (full 2):
 PSYoungGen      total 266240K, used 10223K [0x000000076db00000, 0x0000000783100000, 0x00000007c0000000)
  eden space 256000K, 0% used [0x000000076db00000,0x000000076db00000,0x000000077d500000)
  from space 10240K, 99% used [0x000000077d500000,0x000000077defbf98,0x000000077df00000)
  to   space 14848K, 0% used [0x0000000782280000,0x0000000782280000,0x0000000783100000)
 ParOldGen       total 93184K, used 9393K [0x00000006c9000000, 0x00000006ceb00000, 0x000000076db00000)
  object space 93184K, 10% used [0x00000006c9000000,0x00000006c992c658,0x00000006ceb00000)
 Metaspace       used 33643K, capacity 35404K, committed 35496K, reserved 1079296K
  class space    used 4491K, capacity 4850K, committed 4864K, reserved 1048576K
Event: 2,638 GC heap after
Heap after GC invocations=7 (full 2):
 PSYoungGen      total 266240K, used 0K [0x000000076db00000, 0x0000000783100000, 0x00000007c0000000)
  eden space 256000K, 0% used [0x000000076db00000,0x000000076db00000,0x000000077d500000)
  from space 10240K, 0% used [0x000000077d500000,0x000000077d500000,0x000000077df00000)
  to   space 14848K, 0% used [0x0000000782280000,0x0000000782280000,0x0000000783100000)
 ParOldGen       total 140800K, used 16138K [0x00000006c9000000, 0x00000006d1980000, 0x000000076db00000)
  object space 140800K, 11% used [0x00000006c9000000,0x00000006c9fc2bd8,0x00000006d1980000)
 Metaspace       used 33643K, capacity 35404K, committed 35496K, reserved 1079296K
  class space    used 4491K, capacity 4850K, committed 4864K, reserved 1048576K
}
Event: 4,344 GC heap before
{Heap before GC invocations=8 (full 2):
 PSYoungGen      total 266240K, used 256000K [0x000000076db00000, 0x0000000783100000, 0x00000007c0000000)
  eden space 256000K, 100% used [0x000000076db00000,0x000000077d500000,0x000000077d500000)
  from space 10240K, 0% used [0x000000077d500000,0x000000077d500000,0x000000077df00000)
  to   space 14848K, 0% used [0x0000000782280000,0x0000000782280000,0x0000000783100000)
 ParOldGen       total 140800K, used 16138K [0x00000006c9000000, 0x00000006d1980000, 0x000000076db00000)
  object space 140800K, 11% used [0x00000006c9000000,0x00000006c9fc2bd8,0x00000006d1980000)
 Metaspace       used 50584K, capacity 53302K, committed 53504K, reserved 1095680K
  class space    used 7161K, capacity 7652K, committed 7680K, reserved 1048576K

