# JRE version: Java(TM) SE Runtime Environment (8.0_201-b09) (build 1.8.0_201-b09)
# Java VM: Java HotSpot(TM) 64-Bit Server VM (25.201-b09 mixed mode linux-amd64 compressed oops)
Heap:
 PSYoungGen      total 266240K, used 256000K [0x000000076db00000, 0x0000000784780000, 0x00000007c0000000)
  eden space 256000K, 100% used [0x000000076db00000,0x000000077d500000,0x000000077d500000)
  from space 10240K, 0% used [0x000000077d500000,0x000000077d500000,0x000000077df00000)
  to   space 15360K, 99% used [0x0000000783880000,0x0000000784778418,0x0000000784780000)
 ParOldGen       total 133120K, used 21935K [0x00000006c9000000, 0x00000006d1200000, 0x000000076db00000)
  object space 133120K, 16% used [0x00000006c9000000,0x00000006ca56bdc8,0x00000006d1200000)
 Metaspace       used 50778K, capacity 53512K, committed 53760K, reserved 1095680K
  class space    used 7184K, capacity 7653K, committed 7680K, reserved 1048576K
GC Heap History (10 events):
Event: 1,305 GC heap after
Heap after GC invocations=4 (full 1):
 PSYoungGen      total 138240K, used 0K [0x000000076db00000, 0x000000077e900000, 0x00000007c0000000)
  eden space 128000K, 0% used [0x000000076db00000,0x000000076db00000,0x0000000775800000)
  from space 10240K, 0% used [0x0000000775800000,0x0000000775800000,0x0000000776200000)
  to   space 10240K, 0% used [0x000000077df00000,0x000000077df00000,0x000000077e900000)
 ParOldGen       total 89088K, used 5770K [0x00000006c9000000, 0x00000006ce700000, 0x000000076db00000)
  object space 89088K, 6% used [0x00000006c9000000,0x00000006c95a2a60,0x00000006ce700000)
 Metaspace       used 20484K, capacity 21156K, committed 21296K, reserved 1067008K
  class space    used 2732K, capacity 2926K, committed 2944K, reserved 1048576K
}
Event: 2,423 GC heap before
{Heap before GC invocations=5 (full 1):
 PSYoungGen      total 138240K, used 128000K [0x000000076db00000, 0x000000077e900000, 0x00000007c0000000)
  eden space 128000K, 100% used [0x000000076db00000,0x0000000775800000,0x0000000775800000)
  from space 10240K, 0% used [0x0000000775800000,0x0000000775800000,0x0000000776200000)
  to   space 10240K, 0% used [0x000000077df00000,0x000000077df00000,0x000000077e900000)
 ParOldGen       total 89088K, used 5770K [0x00000006c9000000, 0x00000006ce700000, 0x000000076db00000)
  object space 89088K, 6% used [0x00000006c9000000,0x00000006c95a2a60,0x00000006ce700000)
 Metaspace       used 28352K, capacity 30042K, committed 30336K, reserved 1075200K
  class space    used 3879K, capacity 4203K, committed 4224K, reserved 1048576K
Event: 2,432 GC heap after
Heap after GC invocations=5 (full 1):
 PSYoungGen      total 221696K, used 10209K [0x000000076db00000, 0x000000077e900000, 0x00000007c0000000)
  eden space 211456K, 0% used [0x000000076db00000,0x000000076db00000,0x000000077a980000)
  from space 10240K, 99% used [0x000000077df00000,0x000000077e8f8758,0x000000077e900000)
  to   space 10240K, 0% used [0x000000077d500000,0x000000077d500000,0x000000077df00000)
 ParOldGen       total 89088K, used 8470K [0x00000006c9000000, 0x00000006ce700000, 0x000000076db00000)
  object space 89088K, 9% used [0x00000006c9000000,0x00000006c9845940,0x00000006ce700000)
 Metaspace       used 28352K, capacity 30042K, committed 30336K, reserved 1075200K
  class space    used 3879K, capacity 4203K, committed 4224K, reserved 1048576K
}
Event: 2,797 GC heap before
{Heap before GC invocations=6 (full 1):
 PSYoungGen      total 221696K, used 100749K [0x000000076db00000, 0x000000077e900000, 0x00000007c0000000)
  eden space 211456K, 42% used [0x000000076db00000,0x000000077336ad38,0x000000077a980000)
  from space 10240K, 99% used [0x000000077df00000,0x000000077e8f8758,0x000000077e900000)
  to   space 10240K, 0% used [0x000000077d500000,0x000000077d500000,0x000000077df00000)
 ParOldGen       total 89088K, used 8470K [0x00000006c9000000, 0x00000006ce700000, 0x000000076db00000)
  object space 89088K, 9% used [0x00000006c9000000,0x00000006c9845940,0x00000006ce700000)
 Metaspace       used 33645K, capacity 35420K, committed 35496K, reserved 1079296K
  class space    used 4492K, capacity 4850K, committed 4864K, reserved 1048576K
Event: 2,806 GC heap after
Heap after GC invocations=6 (full 1):
 PSYoungGen      total 266240K, used 10212K [0x000000076db00000, 0x0000000784780000, 0x00000007c0000000)
  eden space 256000K, 0% used [0x000000076db00000,0x000000076db00000,0x000000077d500000)
  from space 10240K, 99% used [0x000000077d500000,0x000000077def92c0,0x000000077df00000)
  to   space 15360K, 0% used [0x0000000783880000,0x0000000783880000,0x0000000784780000)
 ParOldGen       total 89088K, used 9420K [0x00000006c9000000, 0x00000006ce700000, 0x000000076db00000)
  object space 89088K, 10% used [0x00000006c9000000,0x00000006c99332c0,0x00000006ce700000)
 Metaspace       used 33645K, capacity 35420K, committed 35496K, reserved 1079296K
  class space    used 4492K, capacity 4850K, committed 4864K, reserved 1048576K
}
Event: 2,806 GC heap before
{Heap before GC invocations=7 (full 2):
 PSYoungGen      total 266240K, used 10212K [0x000000076db00000, 0x0000000784780000, 0x00000007c0000000)
  eden space 256000K, 0% used [0x000000076db00000,0x000000076db00000,0x000000077d500000)
  from space 10240K, 99% used [0x000000077d500000,0x000000077def92c0,0x000000077df00000)
  to   space 15360K, 0% used [0x0000000783880000,0x0000000783880000,0x0000000784780000)
 ParOldGen       total 89088K, used 9420K [0x00000006c9000000, 0x00000006ce700000, 0x000000076db00000)
  object space 89088K, 10% used [0x00000006c9000000,0x00000006c99332c0,0x00000006ce700000)
 Metaspace       used 33645K, capacity 35420K, committed 35496K, reserved 1079296K
  class space    used 4492K, capacity 4850K, committed 4864K, reserved 1048576K
Event: 2,847 GC heap after
Heap after GC invocations=7 (full 2):
 PSYoungGen      total 266240K, used 0K [0x000000076db00000, 0x0000000784780000, 0x00000007c0000000)
  eden space 256000K, 0% used [0x000000076db00000,0x000000076db00000,0x000000077d500000)
  from space 10240K, 0% used [0x000000077d500000,0x000000077d500000,0x000000077df00000)
  to   space 15360K, 0% used [0x0000000783880000,0x0000000783880000,0x0000000784780000)
 ParOldGen       total 133120K, used 16157K [0x00000006c9000000, 0x00000006d1200000, 0x000000076db00000)
  object space 133120K, 12% used [0x00000006c9000000,0x00000006c9fc7560,0x00000006d1200000)
 Metaspace       used 33645K, capacity 35420K, committed 35496K, reserved 1079296K
  class space    used 4492K, capacity 4850K, committed 4864K, reserved 1048576K
}
Event: 4,779 GC heap before
{Heap before GC invocations=8 (full 2):
 PSYoungGen      total 266240K, used 256000K [0x000000076db00000, 0x0000000784780000, 0x00000007c0000000)
  eden space 256000K, 100% used [0x000000076db00000,0x000000077d500000,0x000000077d500000)
  from space 10240K, 0% used [0x000000077d500000,0x000000077d500000,0x000000077df00000)
  to   space 15360K, 0% used [0x0000000783880000,0x0000000783880000,0x0000000784780000)
 ParOldGen       total 133120K, used 16157K [0x00000006c9000000, 0x00000006d1200000, 0x000000076db00000)
  object space 133120K, 12% used [0x00000006c9000000,0x00000006c9fc7560,0x00000006d1200000)
 Metaspace       used 50778K, capacity 53512K, committed 53760K, reserved 1095680K
  class space    used 7184K, capacity 7653K, committed 7680K, reserved 1048576K
Event: 4,839 GC heap after
Heap after GC invocations=8 (full 2):
 PSYoungGen      total 266240K, used 256000K [0x000000076db00000, 0x0000000784780000, 0x00000007c0000000)
  eden space 256000K, 100% used [0x000000076db00000,0x000000077d500000,0x000000077d500000)
  from space 10240K, 0% used [0x000000077d500000,0x000000077d500000,0x000000077df00000)
  to   space 15360K, 99% used [0x0000000783880000,0x0000000784778418,0x0000000784780000)
 ParOldGen       total 133120K, used 21935K [0x00000006c9000000, 0x00000006d1200000, 0x000000076db00000)
  object space 133120K, 16% used [0x00000006c9000000,0x00000006ca56bdc8,0x00000006d1200000)
 Metaspace       used 50778K, capacity 53512K, committed 53760K, reserved 1095680K
  class space    used 7184K, capacity 7653K, committed 7680K, reserved 1048576K
}
Event: 4,839 GC heap before
{Heap before GC invocations=9 (full 3):
 PSYoungGen      total 266240K, used 256000K [0x000000076db00000, 0x0000000784780000, 0x00000007c0000000)
  eden space 256000K, 100% used [0x000000076db00000,0x000000077d500000,0x000000077d500000)
  from space 10240K, 0% used [0x000000077d500000,0x000000077d500000,0x000000077df00000)
  to   space 15360K, 99% used [0x0000000783880000,0x0000000784778418,0x0000000784780000)
 ParOldGen       total 133120K, used 21935K [0x00000006c9000000, 0x00000006d1200000, 0x000000076db00000)
  object space 133120K, 16% used [0x00000006c9000000,0x00000006ca56bdc8,0x00000006d1200000)
 Metaspace       used 50778K, capacity 53512K, committed 53760K, reserved 1095680K
  class space    used 7184K, capacity 7653K, committed 7680K, reserved 1048576K

