# JRE version: Java(TM) SE Runtime Environment (8.0_201-b09) (build 1.8.0_201-b09)
# Java VM: Java HotSpot(TM) 64-Bit Server VM (25.201-b09 mixed mode linux-amd64 compressed oops)
Heap:
 PSYoungGen      total 265216K, used 13307K [0x000000076db00000, 0x0000000782980000, 0x00000007c0000000)
  eden space 244736K, 0% used [0x000000076db00000,0x000000076db00000,0x000000077ca00000)
  from space 20480K, 64% used [0x000000077ca00000,0x000000077d6fedf8,0x000000077de00000)
  to   space 20480K, 0% used [0x0000000781580000,0x0000000781580000,0x0000000782980000)
 ParOldGen       total 195072K, used 32739K [0x00000006c9000000, 0x00000006d4e80000, 0x000000076db00000)
  object space 195072K, 16% used [0x00000006c9000000,0x00000006caff8e50,0x00000006d4e80000)
 Metaspace       used 55988K, capacity 59068K, committed 59136K, reserved 1099776K
  class space    used 7898K, capacity 8437K, committed 8448K, reserved 1048576K
GC Heap History (10 events):
Event: 1,647 GC heap after
Heap after GC invocations=5 (full 1):
 PSYoungGen      total 184832K, used 8960K [0x000000076db00000, 0x000000077e800000, 0x00000007c0000000)
  eden space 175616K, 0% used [0x000000076db00000,0x000000076db00000,0x0000000778680000)
  from space 9216K, 97% used [0x000000077df00000,0x000000077e7c0098,0x000000077e800000)
  to   space 10240K, 0% used [0x000000077d400000,0x000000077d400000,0x000000077de00000)
 ParOldGen       total 113152K, used 10245K [0x00000006c9000000, 0x00000006cfe80000, 0x000000076db00000)
  object space 113152K, 9% used [0x00000006c9000000,0x00000006c9a016c0,0x00000006cfe80000)
 Metaspace       used 25532K, capacity 26768K, committed 26880K, reserved 1073152K
  class space    used 3500K, capacity 3776K, committed 3840K, reserved 1048576K
}
Event: 2,224 GC heap before
{Heap before GC invocations=6 (full 1):
 PSYoungGen      total 184832K, used 177802K [0x000000076db00000, 0x000000077e800000, 0x00000007c0000000)
  eden space 175616K, 96% used [0x000000076db00000,0x0000000777fe2788,0x0000000778680000)
  from space 9216K, 97% used [0x000000077df00000,0x000000077e7c0098,0x000000077e800000)
  to   space 10240K, 0% used [0x000000077d400000,0x000000077d400000,0x000000077de00000)
 ParOldGen       total 113152K, used 10245K [0x00000006c9000000, 0x00000006cfe80000, 0x000000076db00000)
  object space 113152K, 9% used [0x00000006c9000000,0x00000006c9a016c0,0x00000006cfe80000)
 Metaspace       used 33548K, capacity 35446K, committed 35496K, reserved 1079296K
  class space    used 4461K, capacity 4833K, committed 4864K, reserved 1048576K
Event: 2,235 GC heap after
Heap after GC invocations=6 (full 1):
 PSYoungGen      total 249344K, used 10227K [0x000000076db00000, 0x000000077e380000, 0x00000007c0000000)
  eden space 239104K, 0% used [0x000000076db00000,0x000000076db00000,0x000000077c480000)
  from space 10240K, 99% used [0x000000077d400000,0x000000077ddfcdf8,0x000000077de00000)
  to   space 5632K, 0% used [0x000000077de00000,0x000000077de00000,0x000000077e380000)
 ParOldGen       total 113152K, used 14537K [0x00000006c9000000, 0x00000006cfe80000, 0x000000076db00000)
  object space 113152K, 12% used [0x00000006c9000000,0x00000006c9e32460,0x00000006cfe80000)
 Metaspace       used 33548K, capacity 35446K, committed 35496K, reserved 1079296K
  class space    used 4461K, capacity 4833K, committed 4864K, reserved 1048576K
}
Event: 2,235 GC heap before
{Heap before GC invocations=7 (full 2):
 PSYoungGen      total 249344K, used 10227K [0x000000076db00000, 0x000000077e380000, 0x00000007c0000000)
  eden space 239104K, 0% used [0x000000076db00000,0x000000076db00000,0x000000077c480000)
  from space 10240K, 99% used [0x000000077d400000,0x000000077ddfcdf8,0x000000077de00000)
  to   space 5632K, 0% used [0x000000077de00000,0x000000077de00000,0x000000077e380000)
 ParOldGen       total 113152K, used 14537K [0x00000006c9000000, 0x00000006cfe80000, 0x000000076db00000)
  object space 113152K, 12% used [0x00000006c9000000,0x00000006c9e32460,0x00000006cfe80000)
 Metaspace       used 33548K, capacity 35446K, committed 35496K, reserved 1079296K
  class space    used 4461K, capacity 4833K, committed 4864K, reserved 1048576K
Event: 2,301 GC heap after
Heap after GC invocations=7 (full 2):
 PSYoungGen      total 249344K, used 0K [0x000000076db00000, 0x000000077e380000, 0x00000007c0000000)
  eden space 239104K, 0% used [0x000000076db00000,0x000000076db00000,0x000000077c480000)
  from space 10240K, 0% used [0x000000077d400000,0x000000077d400000,0x000000077de00000)
  to   space 5632K, 0% used [0x000000077de00000,0x000000077de00000,0x000000077e380000)
 ParOldGen       total 195072K, used 19109K [0x00000006c9000000, 0x00000006d4e80000, 0x000000076db00000)
  object space 195072K, 9% used [0x00000006c9000000,0x00000006ca2a9588,0x00000006d4e80000)
 Metaspace       used 33548K, capacity 35446K, committed 35496K, reserved 1079296K
  class space    used 4461K, capacity 4833K, committed 4864K, reserved 1048576K
}
Event: 3,594 GC heap before
{Heap before GC invocations=8 (full 2):
 PSYoungGen      total 249344K, used 239104K [0x000000076db00000, 0x000000077e380000, 0x00000007c0000000)
  eden space 239104K, 100% used [0x000000076db00000,0x000000077c480000,0x000000077c480000)
  from space 10240K, 0% used [0x000000077d400000,0x000000077d400000,0x000000077de00000)
  to   space 5632K, 0% used [0x000000077de00000,0x000000077de00000,0x000000077e380000)
 ParOldGen       total 195072K, used 19109K [0x00000006c9000000, 0x00000006d4e80000, 0x000000076db00000)
  object space 195072K, 9% used [0x00000006c9000000,0x00000006ca2a9588,0x00000006d4e80000)
 Metaspace       used 50525K, capacity 53204K, committed 53504K, reserved 1095680K
  class space    used 7125K, capacity 7617K, committed 7680K, reserved 1048576K
Event: 3,606 GC heap after
Heap after GC invocations=8 (full 2):
 PSYoungGen      total 250368K, used 5624K [0x000000076db00000, 0x0000000782f00000, 0x00000007c0000000)
  eden space 244736K, 0% used [0x000000076db00000,0x000000076db00000,0x000000077ca00000)
  from space 5632K, 99% used [0x000000077de00000,0x000000077e37e070,0x000000077e380000)
  to   space 20480K, 0% used [0x000000077ca00000,0x000000077ca00000,0x000000077de00000)
 ParOldGen       total 195072K, used 32731K [0x00000006c9000000, 0x00000006d4e80000, 0x000000076db00000)
  object space 195072K, 16% used [0x00000006c9000000,0x00000006caff6e50,0x00000006d4e80000)
 Metaspace       used 50525K, capacity 53204K, committed 53504K, reserved 1095680K
  class space    used 7125K, capacity 7617K, committed 7680K, reserved 1048576K
}
Event: 12,499 GC heap before
{Heap before GC invocations=9 (full 2):
 PSYoungGen      total 250368K, used 98546K [0x000000076db00000, 0x0000000782f00000, 0x00000007c0000000)
  eden space 244736K, 37% used [0x000000076db00000,0x00000007735beb88,0x000000077ca00000)
  from space 5632K, 99% used [0x000000077de00000,0x000000077e37e070,0x000000077e380000)
  to   space 20480K, 0% used [0x000000077ca00000,0x000000077ca00000,0x000000077de00000)
 ParOldGen       total 195072K, used 32731K [0x00000006c9000000, 0x00000006d4e80000, 0x000000076db00000)
  object space 195072K, 16% used [0x00000006c9000000,0x00000006caff6e50,0x00000006d4e80000)
 Metaspace       used 55988K, capacity 59068K, committed 59136K, reserved 1099776K
  class space    used 7898K, capacity 8437K, committed 8448K, reserved 1048576K
Event: 12,509 GC heap after
Heap after GC invocations=9 (full 2):
 PSYoungGen      total 265216K, used 13307K [0x000000076db00000, 0x0000000782980000, 0x00000007c0000000)
  eden space 244736K, 0% used [0x000000076db00000,0x000000076db00000,0x000000077ca00000)
  from space 20480K, 64% used [0x000000077ca00000,0x000000077d6fedf8,0x000000077de00000)
  to   space 20480K, 0% used [0x0000000781580000,0x0000000781580000,0x0000000782980000)
 ParOldGen       total 195072K, used 32739K [0x00000006c9000000, 0x00000006d4e80000, 0x000000076db00000)
  object space 195072K, 16% used [0x00000006c9000000,0x00000006caff8e50,0x00000006d4e80000)
 Metaspace       used 55988K, capacity 59068K, committed 59136K, reserved 1099776K
  class space    used 7898K, capacity 8437K, committed 8448K, reserved 1048576K
}
Event: 12,509 GC heap before
{Heap before GC invocations=10 (full 3):
 PSYoungGen      total 265216K, used 13307K [0x000000076db00000, 0x0000000782980000, 0x00000007c0000000)
  eden space 244736K, 0% used [0x000000076db00000,0x000000076db00000,0x000000077ca00000)
  from space 20480K, 64% used [0x000000077ca00000,0x000000077d6fedf8,0x000000077de00000)
  to   space 20480K, 0% used [0x0000000781580000,0x0000000781580000,0x0000000782980000)
 ParOldGen       total 195072K, used 32739K [0x00000006c9000000, 0x00000006d4e80000, 0x000000076db00000)
  object space 195072K, 16% used [0x00000006c9000000,0x00000006caff8e50,0x00000006d4e80000)
 Metaspace       used 55988K, capacity 59068K, committed 59136K, reserved 1099776K
  class space    used 7898K, capacity 8437K, committed 8448K, reserved 1048576K

