# JRE version: Java(TM) SE Runtime Environment (8.0_201-b09) (build 1.8.0_201-b09)
# Java VM: Java HotSpot(TM) 64-Bit Server VM (25.201-b09 mixed mode linux-amd64 compressed oops)
Heap:
 PSYoungGen      total 252416K, used 250880K [0x000000076db00000, 0x0000000782c80000, 0x00000007c0000000)
  eden space 250880K, 100% used [0x000000076db00000,0x000000077d000000,0x000000077d000000)
  from space 1536K, 0% used [0x000000077de00000,0x000000077de00000,0x000000077df80000)
  to   space 14336K, 41% used [0x000000077d000000,0x000000077d5d2080,0x000000077de00000)
 ParOldGen       total 178688K, used 14433K [0x00000006c9000000, 0x00000006d3e80000, 0x000000076db00000)
  object space 178688K, 8% used [0x00000006c9000000,0x00000006c9e18578,0x00000006d3e80000)
 Metaspace       used 51219K, capacity 53936K, committed 54144K, reserved 1095680K
  class space    used 7238K, capacity 7755K, committed 7808K, reserved 1048576K
GC Heap History (10 events):
Event: 1,100 GC heap after
Heap after GC invocations=4 (full 1):
 PSYoungGen      total 138240K, used 0K [0x000000076db00000, 0x000000077e900000, 0x00000007c0000000)
  eden space 128000K, 0% used [0x000000076db00000,0x000000076db00000,0x0000000775800000)
  from space 10240K, 0% used [0x0000000775800000,0x0000000775800000,0x0000000776200000)
  to   space 10240K, 0% used [0x000000077df00000,0x000000077df00000,0x000000077e900000)
 ParOldGen       total 119808K, used 10243K [0x00000006c9000000, 0x00000006d0500000, 0x000000076db00000)
  object space 119808K, 8% used [0x00000006c9000000,0x00000006c9a00ed8,0x00000006d0500000)
 Metaspace       used 20409K, capacity 21102K, committed 21296K, reserved 1067008K
  class space    used 2736K, capacity 2930K, committed 2944K, reserved 1048576K
}
Event: 1,657 GC heap before
{Heap before GC invocations=5 (full 1):
 PSYoungGen      total 138240K, used 128000K [0x000000076db00000, 0x000000077e900000, 0x00000007c0000000)
  eden space 128000K, 100% used [0x000000076db00000,0x0000000775800000,0x0000000775800000)
  from space 10240K, 0% used [0x0000000775800000,0x0000000775800000,0x0000000776200000)
  to   space 10240K, 0% used [0x000000077df00000,0x000000077df00000,0x000000077e900000)
 ParOldGen       total 119808K, used 10243K [0x00000006c9000000, 0x00000006d0500000, 0x000000076db00000)
  object space 119808K, 8% used [0x00000006c9000000,0x00000006c9a00ed8,0x00000006d0500000)
 Metaspace       used 25569K, capacity 26838K, committed 27136K, reserved 1073152K
  class space    used 3501K, capacity 3777K, committed 3840K, reserved 1048576K
Event: 1,664 GC heap after
Heap after GC invocations=5 (full 1):
 PSYoungGen      total 171520K, used 9017K [0x000000076db00000, 0x000000077e800000, 0x00000007c0000000)
  eden space 162304K, 0% used [0x000000076db00000,0x000000076db00000,0x0000000777980000)
  from space 9216K, 97% used [0x000000077df00000,0x000000077e7ce770,0x000000077e800000)
  to   space 10240K, 0% used [0x000000077d400000,0x000000077d400000,0x000000077de00000)
 ParOldGen       total 119808K, used 10251K [0x00000006c9000000, 0x00000006d0500000, 0x000000076db00000)
  object space 119808K, 8% used [0x00000006c9000000,0x00000006c9a02ed8,0x00000006d0500000)
 Metaspace       used 25569K, capacity 26838K, committed 27136K, reserved 1073152K
  class space    used 3501K, capacity 3777K, committed 3840K, reserved 1048576K
}
Event: 2,272 GC heap before
{Heap before GC invocations=6 (full 1):
 PSYoungGen      total 171520K, used 171321K [0x000000076db00000, 0x000000077e800000, 0x00000007c0000000)
  eden space 162304K, 100% used [0x000000076db00000,0x0000000777980000,0x0000000777980000)
  from space 9216K, 97% used [0x000000077df00000,0x000000077e7ce770,0x000000077e800000)
  to   space 10240K, 0% used [0x000000077d400000,0x000000077d400000,0x000000077de00000)
 ParOldGen       total 119808K, used 10251K [0x00000006c9000000, 0x00000006d0500000, 0x000000076db00000)
  object space 119808K, 8% used [0x00000006c9000000,0x00000006c9a02ed8,0x00000006d0500000)
 Metaspace       used 33077K, capacity 35050K, committed 35328K, reserved 1079296K
  class space    used 4432K, capacity 4831K, committed 4864K, reserved 1048576K
Event: 2,282 GC heap after
Heap after GC invocations=6 (full 1):
 PSYoungGen      total 214016K, used 10231K [0x000000076db00000, 0x000000077df80000, 0x00000007c0000000)
  eden space 203776K, 0% used [0x000000076db00000,0x000000076db00000,0x000000077a200000)
  from space 10240K, 99% used [0x000000077d400000,0x000000077ddfdfb0,0x000000077de00000)
  to   space 1536K, 0% used [0x000000077de00000,0x000000077de00000,0x000000077df80000)
 ParOldGen       total 119808K, used 13732K [0x00000006c9000000, 0x00000006d0500000, 0x000000076db00000)
  object space 119808K, 11% used [0x00000006c9000000,0x00000006c9d69140,0x00000006d0500000)
 Metaspace       used 33077K, capacity 35050K, committed 35328K, reserved 1079296K
  class space    used 4432K, capacity 4831K, committed 4864K, reserved 1048576K
}
Event: 2,304 GC heap before
{Heap before GC invocations=7 (full 1):
 PSYoungGen      total 214016K, used 17592K [0x000000076db00000, 0x000000077df80000, 0x00000007c0000000)
  eden space 203776K, 3% used [0x000000076db00000,0x000000076e2302a0,0x000000077a200000)
  from space 10240K, 99% used [0x000000077d400000,0x000000077ddfdfb0,0x000000077de00000)
  to   space 1536K, 0% used [0x000000077de00000,0x000000077de00000,0x000000077df80000)
 ParOldGen       total 119808K, used 13732K [0x00000006c9000000, 0x00000006d0500000, 0x000000076db00000)
  object space 119808K, 11% used [0x00000006c9000000,0x00000006c9d69140,0x00000006d0500000)
 Metaspace       used 33554K, capacity 35446K, committed 35496K, reserved 1079296K
  class space    used 4461K, capacity 4833K, committed 4864K, reserved 1048576K
Event: 2,311 GC heap after
Heap after GC invocations=7 (full 1):
 PSYoungGen      total 252416K, used 1504K [0x000000076db00000, 0x0000000782c80000, 0x00000007c0000000)
  eden space 250880K, 0% used [0x000000076db00000,0x000000076db00000,0x000000077d000000)
  from space 1536K, 97% used [0x000000077de00000,0x000000077df78010,0x000000077df80000)
  to   space 14336K, 0% used [0x000000077d000000,0x000000077d000000,0x000000077de00000)
 ParOldGen       total 119808K, used 21762K [0x00000006c9000000, 0x00000006d0500000, 0x000000076db00000)
  object space 119808K, 18% used [0x00000006c9000000,0x00000006ca540b38,0x00000006d0500000)
 Metaspace       used 33554K, capacity 35446K, committed 35496K, reserved 1079296K
  class space    used 4461K, capacity 4833K, committed 4864K, reserved 1048576K
}
Event: 2,311 GC heap before
{Heap before GC invocations=8 (full 2):
 PSYoungGen      total 252416K, used 1504K [0x000000076db00000, 0x0000000782c80000, 0x00000007c0000000)
  eden space 250880K, 0% used [0x000000076db00000,0x000000076db00000,0x000000077d000000)
  from space 1536K, 97% used [0x000000077de00000,0x000000077df78010,0x000000077df80000)
  to   space 14336K, 0% used [0x000000077d000000,0x000000077d000000,0x000000077de00000)
 ParOldGen       total 119808K, used 21762K [0x00000006c9000000, 0x00000006d0500000, 0x000000076db00000)
  object space 119808K, 18% used [0x00000006c9000000,0x00000006ca540b38,0x00000006d0500000)
 Metaspace       used 33554K, capacity 35446K, committed 35496K, reserved 1079296K
  class space    used 4461K, capacity 4833K, committed 4864K, reserved 1048576K
Event: 2,379 GC heap after
Heap after GC invocations=8 (full 2):
 PSYoungGen      total 252416K, used 0K [0x000000076db00000, 0x0000000782c80000, 0x00000007c0000000)
  eden space 250880K, 0% used [0x000000076db00000,0x000000076db00000,0x000000077d000000)
  from space 1536K, 0% used [0x000000077de00000,0x000000077de00000,0x000000077df80000)
  to   space 14336K, 0% used [0x000000077d000000,0x000000077d000000,0x000000077de00000)
 ParOldGen       total 178688K, used 14425K [0x00000006c9000000, 0x00000006d3e80000, 0x000000076db00000)
  object space 178688K, 8% used [0x00000006c9000000,0x00000006c9e16578,0x00000006d3e80000)
 Metaspace       used 33554K, capacity 35446K, committed 35496K, reserved 1079296K
  class space    used 4461K, capacity 4833K, committed 4864K, reserved 1048576K
}
Event: 3,848 GC heap before
{Heap before GC invocations=9 (full 2):
 PSYoungGen      total 252416K, used 250880K [0x000000076db00000, 0x0000000782c80000, 0x00000007c0000000)
  eden space 250880K, 100% used [0x000000076db00000,0x000000077d000000,0x000000077d000000)
  from space 1536K, 0% used [0x000000077de00000,0x000000077de00000,0x000000077df80000)
  to   space 14336K, 0% used [0x000000077d000000,0x000000077d000000,0x000000077de00000)
 ParOldGen       total 178688K, used 14425K [0x00000006c9000000, 0x00000006d3e80000, 0x000000076db00000)
  object space 178688K, 8% used [0x00000006c9000000,0x00000006c9e16578,0x00000006d3e80000)
 Metaspace       used 51219K, capacity 53936K, committed 54144K, reserved 1095680K
  class space    used 7238K, capacity 7755K, committed 7808K, reserved 1048576K

