# JRE version: Java(TM) SE Runtime Environment (8.0_201-b09) (build 1.8.0_201-b09)
# Java VM: Java HotSpot(TM) 64-Bit Server VM (25.201-b09 mixed mode linux-amd64 compressed oops)
Heap:
 PSYoungGen      total 344576K, used 12929K [0x000000076db00000, 0x0000000784e80000, 0x00000007c0000000)
  eden space 331264K, 0% used [0x000000076db00000,0x000000076db00000,0x0000000781e80000)
  from space 13312K, 97% used [0x0000000784180000,0x0000000784e20460,0x0000000784e80000)
  to   space 19456K, 0% used [0x0000000782880000,0x0000000782880000,0x0000000783b80000)
 ParOldGen       total 174080K, used 21860K [0x00000006c9000000, 0x00000006d3a00000, 0x000000076db00000)
  object space 174080K, 12% used [0x00000006c9000000,0x00000006ca559318,0x00000006d3a00000)
 Metaspace       used 55965K, capacity 59050K, committed 59136K, reserved 1099776K
  class space    used 7904K, capacity 8436K, committed 8448K, reserved 1048576K
GC Heap History (10 events):
Event: 2,502 GC heap after
Heap after GC invocations=6 (full 1):
 PSYoungGen      total 253440K, used 10237K [0x000000076db00000, 0x000000077e480000, 0x00000007c0000000)
  eden space 243200K, 0% used [0x000000076db00000,0x000000076db00000,0x000000077c880000)
  from space 10240K, 99% used [0x000000077d180000,0x000000077db7f660,0x000000077db80000)
  to   space 9216K, 0% used [0x000000077db80000,0x000000077db80000,0x000000077e480000)
 ParOldGen       total 110592K, used 12418K [0x00000006c9000000, 0x00000006cfc00000, 0x000000076db00000)
  object space 110592K, 11% used [0x00000006c9000000,0x00000006c9c20988,0x00000006cfc00000)
 Metaspace       used 31367K, capacity 33218K, committed 33280K, reserved 1077248K
  class space    used 4231K, capacity 4607K, committed 4608K, reserved 1048576K
}
Event: 2,649 GC heap before
{Heap before GC invocations=7 (full 1):
 PSYoungGen      total 253440K, used 35852K [0x000000076db00000, 0x000000077e480000, 0x00000007c0000000)
  eden space 243200K, 10% used [0x000000076db00000,0x000000076f4039e8,0x000000077c880000)
  from space 10240K, 99% used [0x000000077d180000,0x000000077db7f660,0x000000077db80000)
  to   space 9216K, 0% used [0x000000077db80000,0x000000077db80000,0x000000077e480000)
 ParOldGen       total 110592K, used 12418K [0x00000006c9000000, 0x00000006cfc00000, 0x000000076db00000)
  object space 110592K, 11% used [0x00000006c9000000,0x00000006c9c20988,0x00000006cfc00000)
 Metaspace       used 33552K, capacity 35432K, committed 35496K, reserved 1079296K
  class space    used 4461K, capacity 4832K, committed 4864K, reserved 1048576K
Event: 2,655 GC heap after
Heap after GC invocations=7 (full 1):
 PSYoungGen      total 257536K, used 9201K [0x000000076db00000, 0x0000000784500000, 0x00000007c0000000)
  eden space 248320K, 0% used [0x000000076db00000,0x000000076db00000,0x000000077cd80000)
  from space 9216K, 99% used [0x000000077db80000,0x000000077e47c638,0x000000077e480000)
  to   space 14336K, 0% used [0x000000077cd80000,0x000000077cd80000,0x000000077db80000)
 ParOldGen       total 110592K, used 13756K [0x00000006c9000000, 0x00000006cfc00000, 0x000000076db00000)
  object space 110592K, 12% used [0x00000006c9000000,0x00000006c9d6f268,0x00000006cfc00000)
 Metaspace       used 33552K, capacity 35432K, committed 35496K, reserved 1079296K
  class space    used 4461K, capacity 4832K, committed 4864K, reserved 1048576K
}
Event: 2,655 GC heap before
{Heap before GC invocations=8 (full 2):
 PSYoungGen      total 257536K, used 9201K [0x000000076db00000, 0x0000000784500000, 0x00000007c0000000)
  eden space 248320K, 0% used [0x000000076db00000,0x000000076db00000,0x000000077cd80000)
  from space 9216K, 99% used [0x000000077db80000,0x000000077e47c638,0x000000077e480000)
  to   space 14336K, 0% used [0x000000077cd80000,0x000000077cd80000,0x000000077db80000)
 ParOldGen       total 110592K, used 13756K [0x00000006c9000000, 0x00000006cfc00000, 0x000000076db00000)
  object space 110592K, 12% used [0x00000006c9000000,0x00000006c9d6f268,0x00000006cfc00000)
 Metaspace       used 33552K, capacity 35432K, committed 35496K, reserved 1079296K
  class space    used 4461K, capacity 4832K, committed 4864K, reserved 1048576K
Event: 2,696 GC heap after
Heap after GC invocations=8 (full 2):
 PSYoungGen      total 257536K, used 0K [0x000000076db00000, 0x0000000784500000, 0x00000007c0000000)
  eden space 248320K, 0% used [0x000000076db00000,0x000000076db00000,0x000000077cd80000)
  from space 9216K, 0% used [0x000000077db80000,0x000000077db80000,0x000000077e480000)
  to   space 14336K, 0% used [0x000000077cd80000,0x000000077cd80000,0x000000077db80000)
 ParOldGen       total 174080K, used 15617K [0x00000006c9000000, 0x00000006d3a00000, 0x000000076db00000)
  object space 174080K, 8% used [0x00000006c9000000,0x00000006c9f406c0,0x00000006d3a00000)
 Metaspace       used 33552K, capacity 35432K, committed 35496K, reserved 1079296K
  class space    used 4461K, capacity 4832K, committed 4864K, reserved 1048576K
}
Event: 4,251 GC heap before
{Heap before GC invocations=9 (full 2):
 PSYoungGen      total 257536K, used 248320K [0x000000076db00000, 0x0000000784500000, 0x00000007c0000000)
  eden space 248320K, 100% used [0x000000076db00000,0x000000077cd80000,0x000000077cd80000)
  from space 9216K, 0% used [0x000000077db80000,0x000000077db80000,0x000000077e480000)
  to   space 14336K, 0% used [0x000000077cd80000,0x000000077cd80000,0x000000077db80000)
 ParOldGen       total 174080K, used 15617K [0x00000006c9000000, 0x00000006d3a00000, 0x000000076db00000)
  object space 174080K, 8% used [0x00000006c9000000,0x00000006c9f406c0,0x00000006d3a00000)
 Metaspace       used 50997K, capacity 53736K, committed 53888K, reserved 1095680K
  class space    used 7198K, capacity 7713K, committed 7808K, reserved 1048576K
Event: 4,265 GC heap after
Heap after GC invocations=9 (full 2):
 PSYoungGen      total 262656K, used 14317K [0x000000076db00000, 0x0000000785480000, 0x00000007c0000000)
  eden space 248320K, 0% used [0x000000076db00000,0x000000076db00000,0x000000077cd80000)
  from space 14336K, 99% used [0x000000077cd80000,0x000000077db7b520,0x000000077db80000)
  to   space 19456K, 0% used [0x0000000784180000,0x0000000784180000,0x0000000785480000)
 ParOldGen       total 174080K, used 21852K [0x00000006c9000000, 0x00000006d3a00000, 0x000000076db00000)
  object space 174080K, 12% used [0x00000006c9000000,0x00000006ca557318,0x00000006d3a00000)
 Metaspace       used 50997K, capacity 53736K, committed 53888K, reserved 1095680K
  class space    used 7198K, capacity 7713K, committed 7808K, reserved 1048576K
}
Event: 20,489 GC heap before
{Heap before GC invocations=10 (full 2):
 PSYoungGen      total 262656K, used 102724K [0x000000076db00000, 0x0000000785480000, 0x00000007c0000000)
  eden space 248320K, 35% used [0x000000076db00000,0x0000000773155d00,0x000000077cd80000)
  from space 14336K, 99% used [0x000000077cd80000,0x000000077db7b520,0x000000077db80000)
  to   space 19456K, 0% used [0x0000000784180000,0x0000000784180000,0x0000000785480000)
 ParOldGen       total 174080K, used 21852K [0x00000006c9000000, 0x00000006d3a00000, 0x000000076db00000)
  object space 174080K, 12% used [0x00000006c9000000,0x00000006ca557318,0x00000006d3a00000)
 Metaspace       used 55965K, capacity 59050K, committed 59136K, reserved 1099776K
  class space    used 7904K, capacity 8436K, committed 8448K, reserved 1048576K
Event: 20,500 GC heap after
Heap after GC invocations=10 (full 2):
 PSYoungGen      total 344576K, used 12929K [0x000000076db00000, 0x0000000784e80000, 0x00000007c0000000)
  eden space 331264K, 0% used [0x000000076db00000,0x000000076db00000,0x0000000781e80000)
  from space 13312K, 97% used [0x0000000784180000,0x0000000784e20460,0x0000000784e80000)
  to   space 19456K, 0% used [0x0000000782880000,0x0000000782880000,0x0000000783b80000)
 ParOldGen       total 174080K, used 21860K [0x00000006c9000000, 0x00000006d3a00000, 0x000000076db00000)
  object space 174080K, 12% used [0x00000006c9000000,0x00000006ca559318,0x00000006d3a00000)
 Metaspace       used 55965K, capacity 59050K, committed 59136K, reserved 1099776K
  class space    used 7904K, capacity 8436K, committed 8448K, reserved 1048576K
}
Event: 20,500 GC heap before
{Heap before GC invocations=11 (full 3):
 PSYoungGen      total 344576K, used 12929K [0x000000076db00000, 0x0000000784e80000, 0x00000007c0000000)
  eden space 331264K, 0% used [0x000000076db00000,0x000000076db00000,0x0000000781e80000)
  from space 13312K, 97% used [0x0000000784180000,0x0000000784e20460,0x0000000784e80000)
  to   space 19456K, 0% used [0x0000000782880000,0x0000000782880000,0x0000000783b80000)
 ParOldGen       total 174080K, used 21860K [0x00000006c9000000, 0x00000006d3a00000, 0x000000076db00000)
  object space 174080K, 12% used [0x00000006c9000000,0x00000006ca559318,0x00000006d3a00000)
 Metaspace       used 55965K, capacity 59050K, committed 59136K, reserved 1099776K
  class space    used 7904K, capacity 8436K, committed 8448K, reserved 1048576K

