# JRE version: Java(TM) SE Runtime Environment (8.0_201-b09) (build 1.8.0_201-b09)
# Java VM: Java HotSpot(TM) 64-Bit Server VM (25.201-b09 mixed mode linux-amd64 compressed oops)
Heap:
 PSYoungGen      total 266240K, used 256000K [0x000000076db00000, 0x000000077e900000, 0x00000007c0000000)
  eden space 256000K, 100% used [0x000000076db00000,0x000000077d500000,0x000000077d500000)
  from space 10240K, 0% used [0x000000077df00000,0x000000077df00000,0x000000077e900000)
  to   space 10240K, 57% used [0x000000077d500000,0x000000077dac5028,0x000000077df00000)
 ParOldGen       total 86528K, used 7111K [0x00000006c9000000, 0x00000006ce480000, 0x000000076db00000)
  object space 86528K, 8% used [0x00000006c9000000,0x00000006c96f1eb0,0x00000006ce480000)
 Metaspace       used 29539K, capacity 31320K, committed 31616K, reserved 1077248K
  class space    used 4027K, capacity 4386K, committed 4480K, reserved 1048576K
GC Heap History (10 events):
Event: 0,522 GC heap after
Heap after GC invocations=1 (full 0):
 PSYoungGen      total 74240K, used 4903K [0x000000076db00000, 0x0000000776c00000, 0x00000007c0000000)
  eden space 64000K, 0% used [0x000000076db00000,0x000000076db00000,0x0000000771980000)
  from space 10240K, 47% used [0x0000000771980000,0x0000000771e49ee0,0x0000000772380000)
  to   space 10240K, 0% used [0x0000000776200000,0x0000000776200000,0x0000000776c00000)
 ParOldGen       total 169472K, used 16K [0x00000006c9000000, 0x00000006d3580000, 0x000000076db00000)
  object space 169472K, 0% used [0x00000006c9000000,0x00000006c9004000,0x00000006d3580000)
 Metaspace       used 9520K, capacity 9702K, committed 9984K, reserved 1058816K
  class space    used 1148K, capacity 1211K, committed 1280K, reserved 1048576K
}
Event: 0,799 GC heap before
{Heap before GC invocations=2 (full 0):
 PSYoungGen      total 74240K, used 68903K [0x000000076db00000, 0x0000000776c00000, 0x00000007c0000000)
  eden space 64000K, 100% used [0x000000076db00000,0x0000000771980000,0x0000000771980000)
  from space 10240K, 47% used [0x0000000771980000,0x0000000771e49ee0,0x0000000772380000)
  to   space 10240K, 0% used [0x0000000776200000,0x0000000776200000,0x0000000776c00000)
 ParOldGen       total 169472K, used 27K [0x00000006c9000000, 0x00000006d3580000, 0x000000076db00000)
  object space 169472K, 0% used [0x00000006c9000000,0x00000006c9006dd8,0x00000006d3580000)
 Metaspace       used 14911K, capacity 15396K, committed 15488K, reserved 1062912K
  class space    used 2033K, capacity 2175K, committed 2176K, reserved 1048576K
Event: 0,808 GC heap after
Heap after GC invocations=2 (full 0):
 PSYoungGen      total 138240K, used 7685K [0x000000076db00000, 0x0000000776c00000, 0x00000007c0000000)
  eden space 128000K, 0% used [0x000000076db00000,0x000000076db00000,0x0000000775800000)
  from space 10240K, 75% used [0x0000000776200000,0x00000007769814b0,0x0000000776c00000)
  to   space 10240K, 0% used [0x0000000775800000,0x0000000775800000,0x0000000776200000)
 ParOldGen       total 169472K, used 35K [0x00000006c9000000, 0x00000006d3580000, 0x000000076db00000)
  object space 169472K, 0% used [0x00000006c9000000,0x00000006c9008dd8,0x00000006d3580000)
 Metaspace       used 14911K, capacity 15396K, committed 15488K, reserved 1062912K
  class space    used 2033K, capacity 2175K, committed 2176K, reserved 1048576K
}
Event: 1,093 GC heap before
{Heap before GC invocations=3 (full 0):
 PSYoungGen      total 138240K, used 71423K [0x000000076db00000, 0x0000000776c00000, 0x00000007c0000000)
  eden space 128000K, 49% used [0x000000076db00000,0x000000077193e778,0x0000000775800000)
  from space 10240K, 75% used [0x0000000776200000,0x00000007769814b0,0x0000000776c00000)
  to   space 10240K, 0% used [0x0000000775800000,0x0000000775800000,0x0000000776200000)
 ParOldGen       total 169472K, used 35K [0x00000006c9000000, 0x00000006d3580000, 0x000000076db00000)
  object space 169472K, 0% used [0x00000006c9000000,0x00000006c9008dd8,0x00000006d3580000)
 Metaspace       used 20498K, capacity 21222K, committed 21424K, reserved 1067008K
  class space    used 2751K, capacity 2968K, committed 3072K, reserved 1048576K
Event: 1,103 GC heap after
Heap after GC invocations=3 (full 0):
 PSYoungGen      total 138240K, used 10215K [0x000000076db00000, 0x000000077e900000, 0x00000007c0000000)
  eden space 128000K, 0% used [0x000000076db00000,0x000000076db00000,0x0000000775800000)
  from space 10240K, 99% used [0x0000000775800000,0x00000007761f9ca0,0x0000000776200000)
  to   space 10240K, 0% used [0x000000077df00000,0x000000077df00000,0x000000077e900000)
 ParOldGen       total 169472K, used 206K [0x00000006c9000000, 0x00000006d3580000, 0x000000076db00000)
  object space 169472K, 0% used [0x00000006c9000000,0x00000006c9033a50,0x00000006d3580000)
 Metaspace       used 20498K, capacity 21222K, committed 21424K, reserved 1067008K
  class space    used 2751K, capacity 2968K, committed 3072K, reserved 1048576K
}
Event: 1,113 GC heap before
{Heap before GC invocations=4 (full 0):
 PSYoungGen      total 138240K, used 16255K [0x000000076db00000, 0x000000077e900000, 0x00000007c0000000)
  eden space 128000K, 4% used [0x000000076db00000,0x000000076e0e6238,0x0000000775800000)
  from space 10240K, 99% used [0x0000000775800000,0x00000007761f9ca0,0x0000000776200000)
  to   space 10240K, 0% used [0x000000077df00000,0x000000077df00000,0x000000077e900000)
 ParOldGen       total 169472K, used 206K [0x00000006c9000000, 0x00000006d3580000, 0x000000076db00000)
  object space 169472K, 0% used [0x00000006c9000000,0x00000006c9033a50,0x00000006d3580000)
 Metaspace       used 20757K, capacity 21450K, committed 21628K, reserved 1069056K
  class space    used 2791K, capacity 2974K, committed 3072K, reserved 1048576K
Event: 1,119 GC heap after
Heap after GC invocations=4 (full 0):
 PSYoungGen      total 266240K, used 5687K [0x000000076db00000, 0x000000077e900000, 0x00000007c0000000)
  eden space 256000K, 0% used [0x000000076db00000,0x000000076db00000,0x000000077d500000)
  from space 10240K, 55% used [0x000000077df00000,0x000000077e48dd28,0x000000077e900000)
  to   space 10240K, 0% used [0x000000077d500000,0x000000077d500000,0x000000077df00000)
 ParOldGen       total 169472K, used 214K [0x00000006c9000000, 0x00000006d3580000, 0x000000076db00000)
  object space 169472K, 0% used [0x00000006c9000000,0x00000006c9035a50,0x00000006d3580000)
 Metaspace       used 20757K, capacity 21450K, committed 21628K, reserved 1069056K
  class space    used 2791K, capacity 2974K, committed 3072K, reserved 1048576K
}
Event: 1,119 GC heap before
{Heap before GC invocations=5 (full 1):
 PSYoungGen      total 266240K, used 5687K [0x000000076db00000, 0x000000077e900000, 0x00000007c0000000)
  eden space 256000K, 0% used [0x000000076db00000,0x000000076db00000,0x000000077d500000)
  from space 10240K, 55% used [0x000000077df00000,0x000000077e48dd28,0x000000077e900000)
  to   space 10240K, 0% used [0x000000077d500000,0x000000077d500000,0x000000077df00000)
 ParOldGen       total 169472K, used 214K [0x00000006c9000000, 0x00000006d3580000, 0x000000076db00000)
  object space 169472K, 0% used [0x00000006c9000000,0x00000006c9035a50,0x00000006d3580000)
 Metaspace       used 20757K, capacity 21450K, committed 21628K, reserved 1069056K
  class space    used 2791K, capacity 2974K, committed 3072K, reserved 1048576K
Event: 1,162 GC heap after
Heap after GC invocations=5 (full 1):
 PSYoungGen      total 266240K, used 0K [0x000000076db00000, 0x000000077e900000, 0x00000007c0000000)
  eden space 256000K, 0% used [0x000000076db00000,0x000000076db00000,0x000000077d500000)
  from space 10240K, 0% used [0x000000077df00000,0x000000077df00000,0x000000077e900000)
  to   space 10240K, 0% used [0x000000077d500000,0x000000077d500000,0x000000077df00000)
 ParOldGen       total 86528K, used 5622K [0x00000006c9000000, 0x00000006ce480000, 0x000000076db00000)
  object space 86528K, 6% used [0x00000006c9000000,0x00000006c957db50,0x00000006ce480000)
 Metaspace       used 20755K, capacity 21444K, committed 21628K, reserved 1069056K
  class space    used 2790K, capacity 2973K, committed 3072K, reserved 1048576K
}
Event: 2,130 GC heap before
{Heap before GC invocations=6 (full 1):
 PSYoungGen      total 266240K, used 256000K [0x000000076db00000, 0x000000077e900000, 0x00000007c0000000)
  eden space 256000K, 100% used [0x000000076db00000,0x000000077d500000,0x000000077d500000)
  from space 10240K, 0% used [0x000000077df00000,0x000000077df00000,0x000000077e900000)
  to   space 10240K, 0% used [0x000000077d500000,0x000000077d500000,0x000000077df00000)
 ParOldGen       total 86528K, used 7087K [0x00000006c9000000, 0x00000006ce480000, 0x000000076db00000)
  object space 86528K, 8% used [0x00000006c9000000,0x00000006c96ebeb0,0x00000006ce480000)
 Metaspace       used 29539K, capacity 31320K, committed 31616K, reserved 1077248K
  class space    used 4027K, capacity 4386K, committed 4480K, reserved 1048576K

